{"C:\\projects\\crypto_clone\\backend\\src\\app.js": {"path":"C:\\projects\\crypto_clone\\backend\\src\\app.js","statementMap":{"0":{"start":{"line":2,"column":16},"end":{"line":2,"column":34}},"1":{"start":{"line":3,"column":15},"end":{"line":3,"column":32}},"2":{"start":{"line":4,"column":13},"end":{"line":4,"column":28}},"3":{"start":{"line":5,"column":15},"end":{"line":5,"column":32}},"4":{"start":{"line":6,"column":21},"end":{"line":6,"column":45}},"5":{"start":{"line":7,"column":20},"end":{"line":7,"column":42}},"6":{"start":{"line":8,"column":22},"end":{"line":8,"column":55}},"7":{"start":{"line":9,"column":12},"end":{"line":9,"column":26}},"8":{"start":{"line":10,"column":15},"end":{"line":10,"column":34}},"9":{"start":{"line":11,"column":15},"end":{"line":11,"column":41}},"10":{"start":{"line":12,"column":61},"end":{"line":12,"column":84}},"11":{"start":{"line":13,"column":15},"end":{"line":13,"column":34}},"12":{"start":{"line":15,"column":12},"end":{"line":15,"column":21}},"13":{"start":{"line":18,"column":0},"end":{"line":33,"column":4}},"14":{"start":{"line":36,"column":0},"end":{"line":52,"column":4}},"15":{"start":{"line":38,"column":4},"end":{"line":47,"column":5}},"16":{"start":{"line":39,"column":6},"end":{"line":39,"column":27}},"17":{"start":{"line":41,"column":22},"end":{"line":41,"column":130}},"18":{"start":{"line":42,"column":6},"end":{"line":46,"column":7}},"19":{"start":{"line":43,"column":8},"end":{"line":43,"column":29}},"20":{"start":{"line":45,"column":8},"end":{"line":45,"column":51}},"21":{"start":{"line":55,"column":0},"end":{"line":55,"column":41}},"22":{"start":{"line":56,"column":0},"end":{"line":56,"column":63}},"23":{"start":{"line":57,"column":0},"end":{"line":57,"column":24}},"24":{"start":{"line":60,"column":0},"end":{"line":60,"column":23}},"25":{"start":{"line":63,"column":0},"end":{"line":68,"column":1}},"26":{"start":{"line":64,"column":2},"end":{"line":67,"column":6}},"27":{"start":{"line":65,"column":30},"end":{"line":65,"column":53}},"28":{"start":{"line":66,"column":19},"end":{"line":66,"column":48}},"29":{"start":{"line":71,"column":0},"end":{"line":71,"column":25}},"30":{"start":{"line":72,"column":0},"end":{"line":72,"column":15}},"31":{"start":{"line":73,"column":0},"end":{"line":73,"column":19}},"32":{"start":{"line":74,"column":0},"end":{"line":74,"column":23}},"33":{"start":{"line":75,"column":0},"end":{"line":75,"column":18}},"34":{"start":{"line":78,"column":0},"end":{"line":78,"column":83}},"35":{"start":{"line":79,"column":0},"end":{"line":79,"column":27}},"36":{"start":{"line":82,"column":0},"end":{"line":84,"column":3}},"37":{"start":{"line":83,"column":2},"end":{"line":83,"column":90}},"38":{"start":{"line":87,"column":0},"end":{"line":87,"column":22}},"39":{"start":{"line":89,"column":0},"end":{"line":89,"column":21}}},"fnMap":{"0":{"name":"(anonymous_0)","decl":{"start":{"line":37,"column":10},"end":{"line":37,"column":11}},"loc":{"start":{"line":37,"column":32},"end":{"line":48,"column":3}},"line":37},"1":{"name":"(anonymous_1)","decl":{"start":{"line":65,"column":21},"end":{"line":65,"column":22}},"loc":{"start":{"line":65,"column":30},"end":{"line":65,"column":53}},"line":65},"2":{"name":"(anonymous_2)","decl":{"start":{"line":66,"column":10},"end":{"line":66,"column":11}},"loc":{"start":{"line":66,"column":19},"end":{"line":66,"column":48}},"line":66},"3":{"name":"(anonymous_3)","decl":{"start":{"line":82,"column":8},"end":{"line":82,"column":9}},"loc":{"start":{"line":82,"column":22},"end":{"line":84,"column":1}},"line":82}},"branchMap":{"0":{"loc":{"start":{"line":38,"column":4},"end":{"line":47,"column":5}},"type":"if","locations":[{"start":{"line":38,"column":4},"end":{"line":47,"column":5}},{"start":{"line":40,"column":11},"end":{"line":47,"column":5}}],"line":38},"1":{"loc":{"start":{"line":38,"column":8},"end":{"line":38,"column":61}},"type":"binary-expr","locations":[{"start":{"line":38,"column":8},"end":{"line":38,"column":36}},{"start":{"line":38,"column":40},"end":{"line":38,"column":61}}],"line":38},"2":{"loc":{"start":{"line":42,"column":6},"end":{"line":46,"column":7}},"type":"if","locations":[{"start":{"line":42,"column":6},"end":{"line":46,"column":7}},{"start":{"line":44,"column":13},"end":{"line":46,"column":7}}],"line":42},"3":{"loc":{"start":{"line":42,"column":10},"end":{"line":42,"column":45}},"type":"binary-expr","locations":[{"start":{"line":42,"column":10},"end":{"line":42,"column":17}},{"start":{"line":42,"column":21},"end":{"line":42,"column":45}}],"line":42},"4":{"loc":{"start":{"line":63,"column":0},"end":{"line":68,"column":1}},"type":"if","locations":[{"start":{"line":63,"column":0},"end":{"line":68,"column":1}},{"start":{},"end":{}}],"line":63}},"s":{"0":0,"1":0,"2":0,"3":0,"4":0,"5":0,"6":0,"7":0,"8":0,"9":0,"10":0,"11":0,"12":0,"13":0,"14":0,"15":0,"16":0,"17":0,"18":0,"19":0,"20":0,"21":0,"22":0,"23":0,"24":0,"25":0,"26":0,"27":0,"28":0,"29":0,"30":0,"31":0,"32":0,"33":0,"34":0,"35":0,"36":0,"37":0,"38":0,"39":0},"f":{"0":0,"1":0,"2":0,"3":0},"b":{"0":[0,0],"1":[0,0],"2":[0,0],"3":[0,0],"4":[0,0]}}
,"C:\\projects\\crypto_clone\\backend\\src\\config\\bullmq.js": {"path":"C:\\projects\\crypto_clone\\backend\\src\\config\\bullmq.js","statementMap":{"0":{"start":{"line":2,"column":26},"end":{"line":2,"column":43}},"1":{"start":{"line":3,"column":15},"end":{"line":3,"column":35}},"2":{"start":{"line":4,"column":19},"end":{"line":4,"column":49}},"3":{"start":{"line":5,"column":15},"end":{"line":5,"column":42}},"4":{"start":{"line":7,"column":19},"end":{"line":11,"column":1}},"5":{"start":{"line":13,"column":15},"end":{"line":13,"column":17}},"6":{"start":{"line":14,"column":0},"end":{"line":16,"column":3}},"7":{"start":{"line":15,"column":2},"end":{"line":15,"column":174}},"8":{"start":{"line":18,"column":15},"end":{"line":22,"column":1}},"9":{"start":{"line":19,"column":16},"end":{"line":19,"column":33}},"10":{"start":{"line":20,"column":2},"end":{"line":20,"column":62}},"11":{"start":{"line":20,"column":14},"end":{"line":20,"column":62}},"12":{"start":{"line":21,"column":2},"end":{"line":21,"column":40}},"13":{"start":{"line":25,"column":18},"end":{"line":29,"column":34}},"14":{"start":{"line":26,"column":26},"end":{"line":26,"column":34}},"15":{"start":{"line":27,"column":2},"end":{"line":27,"column":68}},"16":{"start":{"line":31,"column":0},"end":{"line":31,"column":96}},"17":{"start":{"line":31,"column":37},"end":{"line":31,"column":94}},"18":{"start":{"line":34,"column":27},"end":{"line":39,"column":35}},"19":{"start":{"line":35,"column":27},"end":{"line":35,"column":47}},"20":{"start":{"line":36,"column":53},"end":{"line":36,"column":61}},"21":{"start":{"line":37,"column":2},"end":{"line":37,"column":72}},"22":{"start":{"line":38,"column":2},"end":{"line":38,"column":58}},"23":{"start":{"line":41,"column":0},"end":{"line":41,"column":114}},"24":{"start":{"line":41,"column":46},"end":{"line":41,"column":112}},"25":{"start":{"line":43,"column":0},"end":{"line":43,"column":36}}},"fnMap":{"0":{"name":"(anonymous_0)","decl":{"start":{"line":14,"column":30},"end":{"line":14,"column":31}},"loc":{"start":{"line":14,"column":40},"end":{"line":16,"column":1}},"line":14},"1":{"name":"(anonymous_1)","decl":{"start":{"line":18,"column":15},"end":{"line":18,"column":16}},"loc":{"start":{"line":18,"column":62},"end":{"line":22,"column":1}},"line":18},"2":{"name":"(anonymous_2)","decl":{"start":{"line":25,"column":41},"end":{"line":25,"column":42}},"loc":{"start":{"line":25,"column":56},"end":{"line":29,"column":1}},"line":25},"3":{"name":"(anonymous_3)","decl":{"start":{"line":31,"column":23},"end":{"line":31,"column":24}},"loc":{"start":{"line":31,"column":37},"end":{"line":31,"column":94}},"line":31},"4":{"name":"(anonymous_4)","decl":{"start":{"line":34,"column":59},"end":{"line":34,"column":60}},"loc":{"start":{"line":34,"column":74},"end":{"line":39,"column":1}},"line":34},"5":{"name":"(anonymous_5)","decl":{"start":{"line":41,"column":32},"end":{"line":41,"column":33}},"loc":{"start":{"line":41,"column":46},"end":{"line":41,"column":112}},"line":41}},"branchMap":{"0":{"loc":{"start":{"line":9,"column":17},"end":{"line":9,"column":55}},"type":"binary-expr","locations":[{"start":{"line":9,"column":17},"end":{"line":9,"column":47}},{"start":{"line":9,"column":51},"end":{"line":9,"column":55}}],"line":9},"1":{"loc":{"start":{"line":10,"column":12},"end":{"line":10,"column":46}},"type":"binary-expr","locations":[{"start":{"line":10,"column":12},"end":{"line":10,"column":33}},{"start":{"line":10,"column":37},"end":{"line":10,"column":46}}],"line":10},"2":{"loc":{"start":{"line":18,"column":48},"end":{"line":18,"column":57}},"type":"default-arg","locations":[{"start":{"line":18,"column":55},"end":{"line":18,"column":57}}],"line":18},"3":{"loc":{"start":{"line":20,"column":2},"end":{"line":20,"column":62}},"type":"if","locations":[{"start":{"line":20,"column":2},"end":{"line":20,"column":62}},{"start":{},"end":{}}],"line":20}},"s":{"0":0,"1":0,"2":0,"3":0,"4":0,"5":0,"6":0,"7":0,"8":0,"9":0,"10":0,"11":0,"12":0,"13":0,"14":0,"15":0,"16":0,"17":0,"18":0,"19":0,"20":0,"21":0,"22":0,"23":0,"24":0,"25":0},"f":{"0":0,"1":0,"2":0,"3":0,"4":0,"5":0},"b":{"0":[0,0],"1":[0,0],"2":[0],"3":[0,0]}}
,"C:\\projects\\crypto_clone\\backend\\src\\config\\constants.js": {"path":"C:\\projects\\crypto_clone\\backend\\src\\config\\constants.js","statementMap":{"0":{"start":{"line":3,"column":0},"end":{"line":99,"column":2}}},"fnMap":{},"branchMap":{},"s":{"0":1},"f":{},"b":{},"_coverageSchema":"1a1c01bbd47fc00a2c39e90264f33305004495a9","hash":"72d71c6efbdd76cd247d0fc21ce4e70f4a1b1be9"}
,"C:\\projects\\crypto_clone\\backend\\src\\config\\database.js": {"path":"C:\\projects\\crypto_clone\\backend\\src\\config\\database.js","statementMap":{"0":{"start":{"line":2,"column":17},"end":{"line":2,"column":36}},"1":{"start":{"line":3,"column":15},"end":{"line":3,"column":33}},"2":{"start":{"line":4,"column":15},"end":{"line":4,"column":34}},"3":{"start":{"line":6,"column":22},"end":{"line":11,"column":1}},"4":{"start":{"line":13,"column":17},"end":{"line":13,"column":18}},"5":{"start":{"line":14,"column":20},"end":{"line":14,"column":21}},"6":{"start":{"line":16,"column":18},"end":{"line":32,"column":1}},"7":{"start":{"line":17,"column":2},"end":{"line":31,"column":3}},"8":{"start":{"line":18,"column":17},"end":{"line":18,"column":72}},"9":{"start":{"line":19,"column":4},"end":{"line":19,"column":62}},"10":{"start":{"line":20,"column":4},"end":{"line":20,"column":19}},"11":{"start":{"line":22,"column":4},"end":{"line":22,"column":63}},"12":{"start":{"line":23,"column":4},"end":{"line":30,"column":5}},"13":{"start":{"line":24,"column":6},"end":{"line":24,"column":19}},"14":{"start":{"line":25,"column":6},"end":{"line":25,"column":89}},"15":{"start":{"line":26,"column":6},"end":{"line":26,"column":34}},"16":{"start":{"line":28,"column":6},"end":{"line":28,"column":60}},"17":{"start":{"line":29,"column":6},"end":{"line":29,"column":22}},"18":{"start":{"line":34,"column":0},"end":{"line":37,"column":3}},"19":{"start":{"line":35,"column":2},"end":{"line":35,"column":63}},"20":{"start":{"line":36,"column":2},"end":{"line":36,"column":14}},"21":{"start":{"line":39,"column":0},"end":{"line":41,"column":3}},"22":{"start":{"line":40,"column":2},"end":{"line":40,"column":40}},"23":{"start":{"line":43,"column":0},"end":{"line":43,"column":27}}},"fnMap":{"0":{"name":"(anonymous_0)","decl":{"start":{"line":16,"column":18},"end":{"line":16,"column":19}},"loc":{"start":{"line":16,"column":30},"end":{"line":32,"column":1}},"line":16},"1":{"name":"(anonymous_1)","decl":{"start":{"line":34,"column":39},"end":{"line":34,"column":40}},"loc":{"start":{"line":34,"column":45},"end":{"line":37,"column":1}},"line":34},"2":{"name":"(anonymous_2)","decl":{"start":{"line":39,"column":32},"end":{"line":39,"column":33}},"loc":{"start":{"line":39,"column":41},"end":{"line":41,"column":1}},"line":39}},"branchMap":{"0":{"loc":{"start":{"line":23,"column":4},"end":{"line":30,"column":5}},"type":"if","locations":[{"start":{"line":23,"column":4},"end":{"line":30,"column":5}},{"start":{"line":27,"column":11},"end":{"line":30,"column":5}}],"line":23}},"s":{"0":0,"1":0,"2":0,"3":0,"4":0,"5":0,"6":0,"7":0,"8":0,"9":0,"10":0,"11":0,"12":0,"13":0,"14":0,"15":0,"16":0,"17":0,"18":0,"19":0,"20":0,"21":0,"22":0,"23":0},"f":{"0":0,"1":0,"2":0},"b":{"0":[0,0]}}
,"C:\\projects\\crypto_clone\\backend\\src\\config\\index.js": {"path":"C:\\projects\\crypto_clone\\backend\\src\\config\\index.js","statementMap":{"0":{"start":{"line":2,"column":0},"end":{"line":2,"column":27}},"1":{"start":{"line":4,"column":15},"end":{"line":74,"column":1}},"2":{"start":{"line":77,"column":0},"end":{"line":87,"column":1}},"3":{"start":{"line":78,"column":19},"end":{"line":81,"column":3}},"4":{"start":{"line":82,"column":2},"end":{"line":86,"column":5}},"5":{"start":{"line":83,"column":4},"end":{"line":85,"column":5}},"6":{"start":{"line":84,"column":6},"end":{"line":84,"column":71}},"7":{"start":{"line":89,"column":0},"end":{"line":89,"column":24}}},"fnMap":{"0":{"name":"(anonymous_0)","decl":{"start":{"line":82,"column":19},"end":{"line":82,"column":20}},"loc":{"start":{"line":82,"column":28},"end":{"line":86,"column":3}},"line":82}},"branchMap":{"0":{"loc":{"start":{"line":5,"column":7},"end":{"line":5,"column":44}},"type":"binary-expr","locations":[{"start":{"line":5,"column":7},"end":{"line":5,"column":27}},{"start":{"line":5,"column":31},"end":{"line":5,"column":44}}],"line":5},"1":{"loc":{"start":{"line":6,"column":8},"end":{"line":6,"column":46}},"type":"binary-expr","locations":[{"start":{"line":6,"column":8},"end":{"line":6,"column":38}},{"start":{"line":6,"column":42},"end":{"line":6,"column":46}}],"line":6},"2":{"loc":{"start":{"line":7,"column":13},"end":{"line":7,"column":62}},"type":"binary-expr","locations":[{"start":{"line":7,"column":13},"end":{"line":7,"column":35}},{"start":{"line":7,"column":39},"end":{"line":7,"column":62}}],"line":7},"3":{"loc":{"start":{"line":14,"column":9},"end":{"line":14,"column":58}},"type":"binary-expr","locations":[{"start":{"line":14,"column":9},"end":{"line":14,"column":30}},{"start":{"line":14,"column":34},"end":{"line":14,"column":58}}],"line":14},"4":{"loc":{"start":{"line":15,"column":14},"end":{"line":15,"column":53}},"type":"binary-expr","locations":[{"start":{"line":15,"column":14},"end":{"line":15,"column":40}},{"start":{"line":15,"column":44},"end":{"line":15,"column":53}}],"line":15},"5":{"loc":{"start":{"line":21,"column":19},"end":{"line":21,"column":58}},"type":"binary-expr","locations":[{"start":{"line":21,"column":19},"end":{"line":21,"column":49}},{"start":{"line":21,"column":53},"end":{"line":21,"column":58}}],"line":21},"6":{"loc":{"start":{"line":22,"column":20},"end":{"line":22,"column":59}},"type":"binary-expr","locations":[{"start":{"line":22,"column":20},"end":{"line":22,"column":51}},{"start":{"line":22,"column":55},"end":{"line":22,"column":59}}],"line":22},"7":{"loc":{"start":{"line":28,"column":14},"end":{"line":28,"column":53}},"type":"binary-expr","locations":[{"start":{"line":28,"column":14},"end":{"line":28,"column":41}},{"start":{"line":28,"column":45},"end":{"line":28,"column":53}}],"line":28},"8":{"loc":{"start":{"line":49,"column":13},"end":{"line":49,"column":55}},"type":"binary-expr","locations":[{"start":{"line":49,"column":13},"end":{"line":49,"column":40}},{"start":{"line":49,"column":44},"end":{"line":49,"column":55}}],"line":49},"9":{"loc":{"start":{"line":66,"column":9},"end":{"line":66,"column":62}},"type":"binary-expr","locations":[{"start":{"line":66,"column":9},"end":{"line":66,"column":35}},{"start":{"line":66,"column":39},"end":{"line":66,"column":62}}],"line":66},"10":{"loc":{"start":{"line":71,"column":14},"end":{"line":71,"column":70}},"type":"binary-expr","locations":[{"start":{"line":71,"column":14},"end":{"line":71,"column":60}},{"start":{"line":71,"column":64},"end":{"line":71,"column":70}}],"line":71},"11":{"loc":{"start":{"line":72,"column":9},"end":{"line":72,"column":56}},"type":"binary-expr","locations":[{"start":{"line":72,"column":9},"end":{"line":72,"column":49}},{"start":{"line":72,"column":53},"end":{"line":72,"column":56}}],"line":72},"12":{"loc":{"start":{"line":77,"column":0},"end":{"line":87,"column":1}},"type":"if","locations":[{"start":{"line":77,"column":0},"end":{"line":87,"column":1}},{"start":{},"end":{}}],"line":77},"13":{"loc":{"start":{"line":83,"column":4},"end":{"line":85,"column":5}},"type":"if","locations":[{"start":{"line":83,"column":4},"end":{"line":85,"column":5}},{"start":{},"end":{}}],"line":83}},"s":{"0":1,"1":1,"2":1,"3":0,"4":0,"5":0,"6":0,"7":1},"f":{"0":0},"b":{"0":[1,0],"1":[1,0],"2":[1,0],"3":[1,0],"4":[1,1],"5":[1,1],"6":[1,1],"7":[1,1],"8":[1,1],"9":[1,0],"10":[1,1],"11":[1,1],"12":[0,1],"13":[0,0]},"_coverageSchema":"1a1c01bbd47fc00a2c39e90264f33305004495a9","hash":"3afc6fc9e933357b776eec11f027dba5e6672bc1"}
,"C:\\projects\\crypto_clone\\backend\\src\\config\\logger.js": {"path":"C:\\projects\\crypto_clone\\backend\\src\\config\\logger.js","statementMap":{"0":{"start":{"line":2,"column":16},"end":{"line":2,"column":34}},"1":{"start":{"line":3,"column":13},"end":{"line":3,"column":28}},"2":{"start":{"line":5,"column":63},"end":{"line":5,"column":77}},"3":{"start":{"line":7,"column":15},"end":{"line":34,"column":2}},"4":{"start":{"line":36,"column":0},"end":{"line":40,"column":1}},"5":{"start":{"line":37,"column":2},"end":{"line":39,"column":6}},"6":{"start":{"line":42,"column":0},"end":{"line":42,"column":24}}},"fnMap":{},"branchMap":{"0":{"loc":{"start":{"line":8,"column":9},"end":{"line":8,"column":65}},"type":"cond-expr","locations":[{"start":{"line":8,"column":49},"end":{"line":8,"column":55}},{"start":{"line":8,"column":58},"end":{"line":8,"column":65}}],"line":8},"1":{"loc":{"start":{"line":36,"column":0},"end":{"line":40,"column":1}},"type":"if","locations":[{"start":{"line":36,"column":0},"end":{"line":40,"column":1}},{"start":{},"end":{}}],"line":36}},"s":{"0":0,"1":0,"2":0,"3":0,"4":0,"5":0,"6":0},"f":{},"b":{"0":[0,0],"1":[0,0]}}
,"C:\\projects\\crypto_clone\\backend\\src\\config\\redis.js": {"path":"C:\\projects\\crypto_clone\\backend\\src\\config\\redis.js","statementMap":{"0":{"start":{"line":2,"column":14},"end":{"line":2,"column":32}},"1":{"start":{"line":3,"column":15},"end":{"line":3,"column":33}},"2":{"start":{"line":4,"column":15},"end":{"line":4,"column":34}},"3":{"start":{"line":6,"column":21},"end":{"line":14,"column":1}},"4":{"start":{"line":8,"column":18},"end":{"line":8,"column":44}},"5":{"start":{"line":9,"column":4},"end":{"line":9,"column":17}},"6":{"start":{"line":16,"column":0},"end":{"line":18,"column":1}},"7":{"start":{"line":17,"column":2},"end":{"line":17,"column":48}},"8":{"start":{"line":20,"column":15},"end":{"line":20,"column":56}},"9":{"start":{"line":21,"column":19},"end":{"line":21,"column":60}},"10":{"start":{"line":22,"column":18},"end":{"line":22,"column":59}},"11":{"start":{"line":24,"column":0},"end":{"line":24,"column":66}},"12":{"start":{"line":24,"column":27},"end":{"line":24,"column":64}},"13":{"start":{"line":25,"column":0},"end":{"line":25,"column":80}},"14":{"start":{"line":25,"column":28},"end":{"line":25,"column":78}},"15":{"start":{"line":27,"column":0},"end":{"line":27,"column":74}},"16":{"start":{"line":27,"column":31},"end":{"line":27,"column":72}},"17":{"start":{"line":28,"column":0},"end":{"line":28,"column":72}},"18":{"start":{"line":28,"column":30},"end":{"line":28,"column":70}},"19":{"start":{"line":30,"column":0},"end":{"line":30,"column":51}}},"fnMap":{"0":{"name":"(anonymous_0)","decl":{"start":{"line":7,"column":2},"end":{"line":7,"column":3}},"loc":{"start":{"line":7,"column":23},"end":{"line":10,"column":3}},"line":7},"1":{"name":"(anonymous_1)","decl":{"start":{"line":24,"column":21},"end":{"line":24,"column":22}},"loc":{"start":{"line":24,"column":27},"end":{"line":24,"column":64}},"line":24},"2":{"name":"(anonymous_2)","decl":{"start":{"line":25,"column":19},"end":{"line":25,"column":20}},"loc":{"start":{"line":25,"column":28},"end":{"line":25,"column":78}},"line":25},"3":{"name":"(anonymous_3)","decl":{"start":{"line":27,"column":25},"end":{"line":27,"column":26}},"loc":{"start":{"line":27,"column":31},"end":{"line":27,"column":72}},"line":27},"4":{"name":"(anonymous_4)","decl":{"start":{"line":28,"column":24},"end":{"line":28,"column":25}},"loc":{"start":{"line":28,"column":30},"end":{"line":28,"column":70}},"line":28}},"branchMap":{"0":{"loc":{"start":{"line":16,"column":0},"end":{"line":18,"column":1}},"type":"if","locations":[{"start":{"line":16,"column":0},"end":{"line":18,"column":1}},{"start":{},"end":{}}],"line":16}},"s":{"0":0,"1":0,"2":0,"3":0,"4":0,"5":0,"6":0,"7":0,"8":0,"9":0,"10":0,"11":0,"12":0,"13":0,"14":0,"15":0,"16":0,"17":0,"18":0,"19":0},"f":{"0":0,"1":0,"2":0,"3":0,"4":0},"b":{"0":[0,0]}}
,"C:\\projects\\crypto_clone\\backend\\src\\controllers\\auth.controller.js": {"path":"C:\\projects\\crypto_clone\\backend\\src\\controllers\\auth.controller.js","statementMap":{"0":{"start":{"line":2,"column":20},"end":{"line":2,"column":60}},"1":{"start":{"line":3,"column":19},"end":{"line":3,"column":58}},"2":{"start":{"line":4,"column":21},"end":{"line":4,"column":62}},"3":{"start":{"line":5,"column":28},"end":{"line":5,"column":47}},"4":{"start":{"line":7,"column":17},"end":{"line":12,"column":1}},"5":{"start":{"line":8,"column":2},"end":{"line":11,"column":34}},"6":{"start":{"line":9,"column":19},"end":{"line":9,"column":63}},"7":{"start":{"line":10,"column":4},"end":{"line":10,"column":65}},"8":{"start":{"line":11,"column":20},"end":{"line":11,"column":32}},"9":{"start":{"line":14,"column":20},"end":{"line":20,"column":1}},"10":{"start":{"line":15,"column":2},"end":{"line":19,"column":34}},"11":{"start":{"line":16,"column":27},"end":{"line":16,"column":35}},"12":{"start":{"line":17,"column":19},"end":{"line":17,"column":68}},"13":{"start":{"line":18,"column":4},"end":{"line":18,"column":64}},"14":{"start":{"line":19,"column":20},"end":{"line":19,"column":32}},"15":{"start":{"line":22,"column":14},"end":{"line":45,"column":1}},"16":{"start":{"line":23,"column":2},"end":{"line":44,"column":34}},"17":{"start":{"line":24,"column":23},"end":{"line":24,"column":44}},"18":{"start":{"line":25,"column":19},"end":{"line":25,"column":72}},"19":{"start":{"line":27,"column":4},"end":{"line":29,"column":5}},"20":{"start":{"line":28,"column":6},"end":{"line":28,"column":118}},"21":{"start":{"line":32,"column":4},"end":{"line":38,"column":7}},"22":{"start":{"line":40,"column":4},"end":{"line":43,"column":27}},"23":{"start":{"line":44,"column":20},"end":{"line":44,"column":32}},"24":{"start":{"line":47,"column":19},"end":{"line":53,"column":1}},"25":{"start":{"line":48,"column":2},"end":{"line":52,"column":34}},"26":{"start":{"line":49,"column":22},"end":{"line":49,"column":30}},"27":{"start":{"line":50,"column":19},"end":{"line":50,"column":58}},"28":{"start":{"line":51,"column":4},"end":{"line":51,"column":45}},"29":{"start":{"line":52,"column":20},"end":{"line":52,"column":32}},"30":{"start":{"line":55,"column":16},"end":{"line":78,"column":1}},"31":{"start":{"line":56,"column":2},"end":{"line":77,"column":34}},"32":{"start":{"line":57,"column":25},"end":{"line":57,"column":74}},"33":{"start":{"line":58,"column":4},"end":{"line":60,"column":5}},"34":{"start":{"line":59,"column":6},"end":{"line":59,"column":115}},"35":{"start":{"line":62,"column":19},"end":{"line":66,"column":5}},"36":{"start":{"line":68,"column":4},"end":{"line":74,"column":7}},"37":{"start":{"line":76,"column":4},"end":{"line":76,"column":81}},"38":{"start":{"line":77,"column":20},"end":{"line":77,"column":32}},"39":{"start":{"line":80,"column":15},"end":{"line":89,"column":1}},"40":{"start":{"line":81,"column":2},"end":{"line":88,"column":34}},"41":{"start":{"line":82,"column":25},"end":{"line":82,"column":74}},"42":{"start":{"line":83,"column":4},"end":{"line":85,"column":5}},"43":{"start":{"line":84,"column":6},"end":{"line":84,"column":58}},"44":{"start":{"line":86,"column":4},"end":{"line":86,"column":70}},"45":{"start":{"line":87,"column":4},"end":{"line":87,"column":56}},"46":{"start":{"line":88,"column":20},"end":{"line":88,"column":32}},"47":{"start":{"line":91,"column":14},"end":{"line":95,"column":1}},"48":{"start":{"line":92,"column":2},"end":{"line":94,"column":34}},"49":{"start":{"line":93,"column":4},"end":{"line":93,"column":45}},"50":{"start":{"line":94,"column":20},"end":{"line":94,"column":32}},"51":{"start":{"line":97,"column":23},"end":{"line":103,"column":1}},"52":{"start":{"line":98,"column":2},"end":{"line":102,"column":34}},"53":{"start":{"line":99,"column":22},"end":{"line":99,"column":30}},"54":{"start":{"line":100,"column":19},"end":{"line":100,"column":66}},"55":{"start":{"line":101,"column":4},"end":{"line":101,"column":64}},"56":{"start":{"line":102,"column":20},"end":{"line":102,"column":32}},"57":{"start":{"line":105,"column":22},"end":{"line":111,"column":1}},"58":{"start":{"line":106,"column":2},"end":{"line":110,"column":34}},"59":{"start":{"line":107,"column":37},"end":{"line":107,"column":45}},"60":{"start":{"line":108,"column":19},"end":{"line":108,"column":80}},"61":{"start":{"line":109,"column":4},"end":{"line":109,"column":64}},"62":{"start":{"line":110,"column":20},"end":{"line":110,"column":32}},"63":{"start":{"line":113,"column":23},"end":{"line":119,"column":1}},"64":{"start":{"line":114,"column":2},"end":{"line":118,"column":34}},"65":{"start":{"line":115,"column":45},"end":{"line":115,"column":53}},"66":{"start":{"line":116,"column":19},"end":{"line":116,"column":103}},"67":{"start":{"line":117,"column":4},"end":{"line":117,"column":66}},"68":{"start":{"line":118,"column":20},"end":{"line":118,"column":32}},"69":{"start":{"line":121,"column":0},"end":{"line":132,"column":2}}},"fnMap":{"0":{"name":"(anonymous_0)","decl":{"start":{"line":7,"column":17},"end":{"line":7,"column":18}},"loc":{"start":{"line":7,"column":43},"end":{"line":12,"column":1}},"line":7},"1":{"name":"(anonymous_1)","decl":{"start":{"line":14,"column":20},"end":{"line":14,"column":21}},"loc":{"start":{"line":14,"column":46},"end":{"line":20,"column":1}},"line":14},"2":{"name":"(anonymous_2)","decl":{"start":{"line":22,"column":14},"end":{"line":22,"column":15}},"loc":{"start":{"line":22,"column":40},"end":{"line":45,"column":1}},"line":22},"3":{"name":"(anonymous_3)","decl":{"start":{"line":47,"column":19},"end":{"line":47,"column":20}},"loc":{"start":{"line":47,"column":45},"end":{"line":53,"column":1}},"line":47},"4":{"name":"(anonymous_4)","decl":{"start":{"line":55,"column":16},"end":{"line":55,"column":17}},"loc":{"start":{"line":55,"column":42},"end":{"line":78,"column":1}},"line":55},"5":{"name":"(anonymous_5)","decl":{"start":{"line":80,"column":15},"end":{"line":80,"column":16}},"loc":{"start":{"line":80,"column":41},"end":{"line":89,"column":1}},"line":80},"6":{"name":"(anonymous_6)","decl":{"start":{"line":91,"column":14},"end":{"line":91,"column":15}},"loc":{"start":{"line":91,"column":40},"end":{"line":95,"column":1}},"line":91},"7":{"name":"(anonymous_7)","decl":{"start":{"line":97,"column":23},"end":{"line":97,"column":24}},"loc":{"start":{"line":97,"column":49},"end":{"line":103,"column":1}},"line":97},"8":{"name":"(anonymous_8)","decl":{"start":{"line":105,"column":22},"end":{"line":105,"column":23}},"loc":{"start":{"line":105,"column":48},"end":{"line":111,"column":1}},"line":105},"9":{"name":"(anonymous_9)","decl":{"start":{"line":113,"column":23},"end":{"line":113,"column":24}},"loc":{"start":{"line":113,"column":49},"end":{"line":119,"column":1}},"line":113}},"branchMap":{"0":{"loc":{"start":{"line":27,"column":4},"end":{"line":29,"column":5}},"type":"if","locations":[{"start":{"line":27,"column":4},"end":{"line":29,"column":5}},{"start":{},"end":{}}],"line":27},"1":{"loc":{"start":{"line":57,"column":25},"end":{"line":57,"column":74}},"type":"binary-expr","locations":[{"start":{"line":57,"column":25},"end":{"line":57,"column":49}},{"start":{"line":57,"column":53},"end":{"line":57,"column":74}}],"line":57},"2":{"loc":{"start":{"line":58,"column":4},"end":{"line":60,"column":5}},"type":"if","locations":[{"start":{"line":58,"column":4},"end":{"line":60,"column":5}},{"start":{},"end":{}}],"line":58},"3":{"loc":{"start":{"line":82,"column":25},"end":{"line":82,"column":74}},"type":"binary-expr","locations":[{"start":{"line":82,"column":25},"end":{"line":82,"column":49}},{"start":{"line":82,"column":53},"end":{"line":82,"column":74}}],"line":82},"4":{"loc":{"start":{"line":83,"column":4},"end":{"line":85,"column":5}},"type":"if","locations":[{"start":{"line":83,"column":4},"end":{"line":85,"column":5}},{"start":{},"end":{}}],"line":83}},"s":{"0":0,"1":0,"2":0,"3":0,"4":0,"5":0,"6":0,"7":0,"8":0,"9":0,"10":0,"11":0,"12":0,"13":0,"14":0,"15":0,"16":0,"17":0,"18":0,"19":0,"20":0,"21":0,"22":0,"23":0,"24":0,"25":0,"26":0,"27":0,"28":0,"29":0,"30":0,"31":0,"32":0,"33":0,"34":0,"35":0,"36":0,"37":0,"38":0,"39":0,"40":0,"41":0,"42":0,"43":0,"44":0,"45":0,"46":0,"47":0,"48":0,"49":0,"50":0,"51":0,"52":0,"53":0,"54":0,"55":0,"56":0,"57":0,"58":0,"59":0,"60":0,"61":0,"62":0,"63":0,"64":0,"65":0,"66":0,"67":0,"68":0,"69":0},"f":{"0":0,"1":0,"2":0,"3":0,"4":0,"5":0,"6":0,"7":0,"8":0,"9":0},"b":{"0":[0,0],"1":[0,0],"2":[0,0],"3":[0,0],"4":[0,0]}}
,"C:\\projects\\crypto_clone\\backend\\src\\controllers\\index.js": {"path":"C:\\projects\\crypto_clone\\backend\\src\\controllers\\index.js","statementMap":{"0":{"start":{"line":2,"column":18},"end":{"line":2,"column":62}},"1":{"start":{"line":3,"column":17},"end":{"line":3,"column":61}},"2":{"start":{"line":4,"column":49},"end":{"line":4,"column":68}},"3":{"start":{"line":7,"column":25},"end":{"line":47,"column":1}},"4":{"start":{"line":9,"column":4},"end":{"line":12,"column":28}},"5":{"start":{"line":10,"column":22},"end":{"line":10,"column":62}},"6":{"start":{"line":11,"column":6},"end":{"line":11,"column":40}},"7":{"start":{"line":12,"column":18},"end":{"line":12,"column":26}},"8":{"start":{"line":15,"column":4},"end":{"line":19,"column":28}},"9":{"start":{"line":16,"column":30},"end":{"line":16,"column":60}},"10":{"start":{"line":17,"column":21},"end":{"line":17,"column":105}},"11":{"start":{"line":18,"column":6},"end":{"line":18,"column":35}},"12":{"start":{"line":19,"column":18},"end":{"line":19,"column":26}},"13":{"start":{"line":22,"column":4},"end":{"line":25,"column":28}},"14":{"start":{"line":23,"column":17},"end":{"line":23,"column":79}},"15":{"start":{"line":24,"column":6},"end":{"line":24,"column":73}},"16":{"start":{"line":25,"column":18},"end":{"line":25,"column":26}},"17":{"start":{"line":28,"column":4},"end":{"line":35,"column":28}},"18":{"start":{"line":29,"column":22},"end":{"line":29,"column":30}},"19":{"start":{"line":30,"column":25},"end":{"line":30,"column":64}},"20":{"start":{"line":31,"column":6},"end":{"line":31,"column":59}},"21":{"start":{"line":33,"column":21},"end":{"line":33,"column":113}},"22":{"start":{"line":34,"column":6},"end":{"line":34,"column":59}},"23":{"start":{"line":35,"column":18},"end":{"line":35,"column":26}},"24":{"start":{"line":38,"column":4},"end":{"line":45,"column":28}},"25":{"start":{"line":39,"column":22},"end":{"line":39,"column":30}},"26":{"start":{"line":40,"column":25},"end":{"line":40,"column":64}},"27":{"start":{"line":41,"column":6},"end":{"line":41,"column":59}},"28":{"start":{"line":43,"column":21},"end":{"line":43,"column":98}},"29":{"start":{"line":44,"column":6},"end":{"line":44,"column":64}},"30":{"start":{"line":45,"column":18},"end":{"line":45,"column":26}},"31":{"start":{"line":50,"column":24},"end":{"line":79,"column":1}},"32":{"start":{"line":52,"column":4},"end":{"line":57,"column":28}},"33":{"start":{"line":53,"column":20},"end":{"line":53,"column":84}},"34":{"start":{"line":54,"column":17},"end":{"line":54,"column":34}},"35":{"start":{"line":55,"column":6},"end":{"line":55,"column":65}},"36":{"start":{"line":56,"column":6},"end":{"line":56,"column":59}},"37":{"start":{"line":57,"column":18},"end":{"line":57,"column":26}},"38":{"start":{"line":60,"column":4},"end":{"line":63,"column":28}},"39":{"start":{"line":61,"column":20},"end":{"line":61,"column":75}},"40":{"start":{"line":62,"column":6},"end":{"line":62,"column":57}},"41":{"start":{"line":63,"column":18},"end":{"line":63,"column":26}},"42":{"start":{"line":66,"column":4},"end":{"line":70,"column":28}},"43":{"start":{"line":67,"column":30},"end":{"line":67,"column":60}},"44":{"start":{"line":68,"column":21},"end":{"line":68,"column":128}},"45":{"start":{"line":69,"column":6},"end":{"line":69,"column":35}},"46":{"start":{"line":70,"column":18},"end":{"line":70,"column":26}},"47":{"start":{"line":73,"column":4},"end":{"line":77,"column":28}},"48":{"start":{"line":74,"column":30},"end":{"line":74,"column":60}},"49":{"start":{"line":75,"column":21},"end":{"line":75,"column":102}},"50":{"start":{"line":76,"column":6},"end":{"line":76,"column":35}},"51":{"start":{"line":77,"column":18},"end":{"line":77,"column":26}},"52":{"start":{"line":82,"column":13},"end":{"line":82,"column":38}},"53":{"start":{"line":83,"column":25},"end":{"line":83,"column":45}},"54":{"start":{"line":85,"column":23},"end":{"line":141,"column":1}},"55":{"start":{"line":87,"column":4},"end":{"line":87,"column":76}},"56":{"start":{"line":87,"column":10},"end":{"line":87,"column":51}},"57":{"start":{"line":87,"column":66},"end":{"line":87,"column":74}},"58":{"start":{"line":90,"column":4},"end":{"line":96,"column":28}},"59":{"start":{"line":91,"column":22},"end":{"line":91,"column":47}},"60":{"start":{"line":92,"column":22},"end":{"line":92,"column":24}},"61":{"start":{"line":93,"column":6},"end":{"line":93,"column":77}},"62":{"start":{"line":93,"column":31},"end":{"line":93,"column":73}},"63":{"start":{"line":93,"column":48},"end":{"line":93,"column":73}},"64":{"start":{"line":94,"column":19},"end":{"line":94,"column":106}},"65":{"start":{"line":95,"column":6},"end":{"line":95,"column":37}},"66":{"start":{"line":96,"column":18},"end":{"line":96,"column":26}},"67":{"start":{"line":99,"column":4},"end":{"line":102,"column":28}},"68":{"start":{"line":100,"column":28},"end":{"line":100,"column":118}},"69":{"start":{"line":101,"column":6},"end":{"line":101,"column":46}},"70":{"start":{"line":102,"column":18},"end":{"line":102,"column":26}},"71":{"start":{"line":105,"column":4},"end":{"line":108,"column":28}},"72":{"start":{"line":106,"column":6},"end":{"line":106,"column":106}},"73":{"start":{"line":107,"column":6},"end":{"line":107,"column":62}},"74":{"start":{"line":108,"column":18},"end":{"line":108,"column":26}},"75":{"start":{"line":111,"column":4},"end":{"line":133,"column":28}},"76":{"start":{"line":112,"column":58},"end":{"line":112,"column":66}},"77":{"start":{"line":113,"column":20},"end":{"line":113,"column":35}},"78":{"start":{"line":115,"column":26},"end":{"line":115,"column":90}},"79":{"start":{"line":116,"column":24},"end":{"line":116,"column":84}},"80":{"start":{"line":118,"column":19},"end":{"line":118,"column":52}},"81":{"start":{"line":119,"column":6},"end":{"line":119,"column":92}},"82":{"start":{"line":119,"column":17},"end":{"line":119,"column":92}},"83":{"start":{"line":121,"column":6},"end":{"line":121,"column":35}},"84":{"start":{"line":122,"column":6},"end":{"line":122,"column":40}},"85":{"start":{"line":123,"column":6},"end":{"line":123,"column":43}},"86":{"start":{"line":123,"column":15},"end":{"line":123,"column":43}},"87":{"start":{"line":124,"column":6},"end":{"line":124,"column":32}},"88":{"start":{"line":125,"column":6},"end":{"line":125,"column":42}},"89":{"start":{"line":126,"column":6},"end":{"line":126,"column":57}},"90":{"start":{"line":126,"column":23},"end":{"line":126,"column":57}},"91":{"start":{"line":127,"column":6},"end":{"line":127,"column":51}},"92":{"start":{"line":127,"column":21},"end":{"line":127,"column":51}},"93":{"start":{"line":128,"column":6},"end":{"line":128,"column":39}},"94":{"start":{"line":130,"column":6},"end":{"line":130,"column":24}},"95":{"start":{"line":132,"column":6},"end":{"line":132,"column":76}},"96":{"start":{"line":133,"column":18},"end":{"line":133,"column":26}},"97":{"start":{"line":136,"column":4},"end":{"line":139,"column":28}},"98":{"start":{"line":137,"column":19},"end":{"line":137,"column":178}},"99":{"start":{"line":138,"column":6},"end":{"line":138,"column":42}},"100":{"start":{"line":139,"column":18},"end":{"line":139,"column":26}},"101":{"start":{"line":144,"column":14},"end":{"line":144,"column":61}},"102":{"start":{"line":145,"column":18},"end":{"line":145,"column":63}},"103":{"start":{"line":146,"column":19},"end":{"line":146,"column":65}},"104":{"start":{"line":147,"column":22},"end":{"line":147,"column":66}},"105":{"start":{"line":149,"column":26},"end":{"line":186,"column":1}},"106":{"start":{"line":151,"column":4},"end":{"line":155,"column":28}},"107":{"start":{"line":152,"column":35},"end":{"line":152,"column":43}},"108":{"start":{"line":153,"column":20},"end":{"line":153,"column":140}},"109":{"start":{"line":154,"column":6},"end":{"line":154,"column":38}},"110":{"start":{"line":155,"column":18},"end":{"line":155,"column":26}},"111":{"start":{"line":158,"column":4},"end":{"line":163,"column":28}},"112":{"start":{"line":159,"column":72},"end":{"line":159,"column":80}},"113":{"start":{"line":160,"column":6},"end":{"line":160,"column":61}},"114":{"start":{"line":161,"column":17},"end":{"line":161,"column":121}},"115":{"start":{"line":162,"column":6},"end":{"line":162,"column":88}},"116":{"start":{"line":163,"column":18},"end":{"line":163,"column":26}},"117":{"start":{"line":166,"column":4},"end":{"line":170,"column":28}},"118":{"start":{"line":167,"column":25},"end":{"line":167,"column":33}},"119":{"start":{"line":168,"column":21},"end":{"line":168,"column":107}},"120":{"start":{"line":169,"column":6},"end":{"line":169,"column":67}},"121":{"start":{"line":170,"column":18},"end":{"line":170,"column":26}},"122":{"start":{"line":173,"column":4},"end":{"line":177,"column":28}},"123":{"start":{"line":174,"column":18},"end":{"line":174,"column":217}},"124":{"start":{"line":175,"column":6},"end":{"line":175,"column":112}},"125":{"start":{"line":176,"column":6},"end":{"line":176,"column":20}},"126":{"start":{"line":177,"column":18},"end":{"line":177,"column":26}},"127":{"start":{"line":180,"column":4},"end":{"line":184,"column":28}},"128":{"start":{"line":181,"column":18},"end":{"line":181,"column":53}},"129":{"start":{"line":182,"column":6},"end":{"line":182,"column":95}},"130":{"start":{"line":182,"column":47},"end":{"line":182,"column":95}},"131":{"start":{"line":183,"column":6},"end":{"line":183,"column":34}},"132":{"start":{"line":184,"column":18},"end":{"line":184,"column":26}},"133":{"start":{"line":189,"column":17},"end":{"line":189,"column":59}},"134":{"start":{"line":191,"column":24},"end":{"line":227,"column":1}},"135":{"start":{"line":193,"column":4},"end":{"line":201,"column":28}},"136":{"start":{"line":194,"column":30},"end":{"line":194,"column":60}},"137":{"start":{"line":195,"column":19},"end":{"line":195,"column":37}},"138":{"start":{"line":196,"column":21},"end":{"line":196,"column":23}},"139":{"start":{"line":197,"column":6},"end":{"line":197,"column":70}},"140":{"start":{"line":197,"column":31},"end":{"line":197,"column":70}},"141":{"start":{"line":198,"column":6},"end":{"line":198,"column":134}},"142":{"start":{"line":198,"column":28},"end":{"line":198,"column":134}},"143":{"start":{"line":199,"column":29},"end":{"line":199,"column":151}},"144":{"start":{"line":200,"column":6},"end":{"line":200,"column":58}},"145":{"start":{"line":201,"column":18},"end":{"line":201,"column":26}},"146":{"start":{"line":204,"column":4},"end":{"line":211,"column":28}},"147":{"start":{"line":205,"column":39},"end":{"line":205,"column":47}},"148":{"start":{"line":206,"column":22},"end":{"line":206,"column":24}},"149":{"start":{"line":207,"column":6},"end":{"line":207,"column":65}},"150":{"start":{"line":207,"column":35},"end":{"line":207,"column":65}},"151":{"start":{"line":208,"column":6},"end":{"line":208,"column":154}},"152":{"start":{"line":208,"column":23},"end":{"line":208,"column":53}},"153":{"start":{"line":208,"column":54},"end":{"line":208,"column":152}},"154":{"start":{"line":208,"column":86},"end":{"line":208,"column":116}},"155":{"start":{"line":208,"column":117},"end":{"line":208,"column":150}},"156":{"start":{"line":209,"column":19},"end":{"line":209,"column":86}},"157":{"start":{"line":210,"column":6},"end":{"line":210,"column":37}},"158":{"start":{"line":211,"column":18},"end":{"line":211,"column":26}},"159":{"start":{"line":214,"column":4},"end":{"line":218,"column":28}},"160":{"start":{"line":215,"column":30},"end":{"line":215,"column":60}},"161":{"start":{"line":216,"column":21},"end":{"line":216,"column":112}},"162":{"start":{"line":217,"column":6},"end":{"line":217,"column":35}},"163":{"start":{"line":218,"column":18},"end":{"line":218,"column":26}},"164":{"start":{"line":221,"column":4},"end":{"line":225,"column":28}},"165":{"start":{"line":222,"column":30},"end":{"line":222,"column":50}},"166":{"start":{"line":223,"column":50},"end":{"line":223,"column":140}},"167":{"start":{"line":224,"column":6},"end":{"line":224,"column":66}},"168":{"start":{"line":225,"column":18},"end":{"line":225,"column":26}},"169":{"start":{"line":229,"column":0},"end":{"line":229,"column":107}}},"fnMap":{"0":{"name":"(anonymous_0)","decl":{"start":{"line":8,"column":14},"end":{"line":8,"column":15}},"loc":{"start":{"line":8,"column":40},"end":{"line":13,"column":3}},"line":8},"1":{"name":"(anonymous_1)","decl":{"start":{"line":14,"column":19},"end":{"line":14,"column":20}},"loc":{"start":{"line":14,"column":45},"end":{"line":20,"column":3}},"line":14},"2":{"name":"(anonymous_2)","decl":{"start":{"line":21,"column":11},"end":{"line":21,"column":12}},"loc":{"start":{"line":21,"column":37},"end":{"line":26,"column":3}},"line":21},"3":{"name":"(anonymous_3)","decl":{"start":{"line":27,"column":12},"end":{"line":27,"column":13}},"loc":{"start":{"line":27,"column":38},"end":{"line":36,"column":3}},"line":27},"4":{"name":"(anonymous_4)","decl":{"start":{"line":37,"column":16},"end":{"line":37,"column":17}},"loc":{"start":{"line":37,"column":42},"end":{"line":46,"column":3}},"line":37},"5":{"name":"(anonymous_5)","decl":{"start":{"line":51,"column":14},"end":{"line":51,"column":15}},"loc":{"start":{"line":51,"column":40},"end":{"line":58,"column":3}},"line":51},"6":{"name":"(anonymous_6)","decl":{"start":{"line":59,"column":15},"end":{"line":59,"column":16}},"loc":{"start":{"line":59,"column":41},"end":{"line":64,"column":3}},"line":59},"7":{"name":"(anonymous_7)","decl":{"start":{"line":65,"column":13},"end":{"line":65,"column":14}},"loc":{"start":{"line":65,"column":39},"end":{"line":71,"column":3}},"line":65},"8":{"name":"(anonymous_8)","decl":{"start":{"line":72,"column":13},"end":{"line":72,"column":14}},"loc":{"start":{"line":72,"column":39},"end":{"line":78,"column":3}},"line":72},"9":{"name":"(anonymous_9)","decl":{"start":{"line":86,"column":14},"end":{"line":86,"column":15}},"loc":{"start":{"line":86,"column":40},"end":{"line":88,"column":3}},"line":86},"10":{"name":"(anonymous_10)","decl":{"start":{"line":89,"column":17},"end":{"line":89,"column":18}},"loc":{"start":{"line":89,"column":43},"end":{"line":97,"column":3}},"line":89},"11":{"name":"(anonymous_11)","decl":{"start":{"line":93,"column":22},"end":{"line":93,"column":23}},"loc":{"start":{"line":93,"column":29},"end":{"line":93,"column":75}},"line":93},"12":{"name":"(anonymous_12)","decl":{"start":{"line":98,"column":20},"end":{"line":98,"column":21}},"loc":{"start":{"line":98,"column":46},"end":{"line":103,"column":3}},"line":98},"13":{"name":"(anonymous_13)","decl":{"start":{"line":104,"column":24},"end":{"line":104,"column":25}},"loc":{"start":{"line":104,"column":50},"end":{"line":109,"column":3}},"line":104},"14":{"name":"(anonymous_14)","decl":{"start":{"line":110,"column":13},"end":{"line":110,"column":14}},"loc":{"start":{"line":110,"column":39},"end":{"line":134,"column":3}},"line":110},"15":{"name":"(anonymous_15)","decl":{"start":{"line":135,"column":16},"end":{"line":135,"column":17}},"loc":{"start":{"line":135,"column":42},"end":{"line":140,"column":3}},"line":135},"16":{"name":"(anonymous_16)","decl":{"start":{"line":150,"column":23},"end":{"line":150,"column":24}},"loc":{"start":{"line":150,"column":49},"end":{"line":156,"column":3}},"line":150},"17":{"name":"(anonymous_17)","decl":{"start":{"line":157,"column":25},"end":{"line":157,"column":26}},"loc":{"start":{"line":157,"column":51},"end":{"line":164,"column":3}},"line":157},"18":{"name":"(anonymous_18)","decl":{"start":{"line":165,"column":22},"end":{"line":165,"column":23}},"loc":{"start":{"line":165,"column":48},"end":{"line":171,"column":3}},"line":165},"19":{"name":"(anonymous_19)","decl":{"start":{"line":172,"column":19},"end":{"line":172,"column":20}},"loc":{"start":{"line":172,"column":45},"end":{"line":178,"column":3}},"line":172},"20":{"name":"(anonymous_20)","decl":{"start":{"line":179,"column":19},"end":{"line":179,"column":20}},"loc":{"start":{"line":179,"column":45},"end":{"line":185,"column":3}},"line":179},"21":{"name":"(anonymous_21)","decl":{"start":{"line":192,"column":12},"end":{"line":192,"column":13}},"loc":{"start":{"line":192,"column":38},"end":{"line":202,"column":3}},"line":192},"22":{"name":"(anonymous_22)","decl":{"start":{"line":203,"column":20},"end":{"line":203,"column":21}},"loc":{"start":{"line":203,"column":46},"end":{"line":212,"column":3}},"line":203},"23":{"name":"(anonymous_23)","decl":{"start":{"line":213,"column":16},"end":{"line":213,"column":17}},"loc":{"start":{"line":213,"column":42},"end":{"line":219,"column":3}},"line":213},"24":{"name":"(anonymous_24)","decl":{"start":{"line":220,"column":12},"end":{"line":220,"column":13}},"loc":{"start":{"line":220,"column":38},"end":{"line":226,"column":3}},"line":220}},"branchMap":{"0":{"loc":{"start":{"line":93,"column":31},"end":{"line":93,"column":73}},"type":"if","locations":[{"start":{"line":93,"column":31},"end":{"line":93,"column":73}},{"start":{},"end":{}}],"line":93},"1":{"loc":{"start":{"line":113,"column":20},"end":{"line":113,"column":35}},"type":"binary-expr","locations":[{"start":{"line":113,"column":20},"end":{"line":113,"column":29}},{"start":{"line":113,"column":33},"end":{"line":113,"column":35}}],"line":113},"2":{"loc":{"start":{"line":115,"column":26},"end":{"line":115,"column":90}},"type":"cond-expr","locations":[{"start":{"line":115,"column":43},"end":{"line":115,"column":83}},{"start":{"line":115,"column":86},"end":{"line":115,"column":90}}],"line":115},"3":{"loc":{"start":{"line":116,"column":24},"end":{"line":116,"column":84}},"type":"cond-expr","locations":[{"start":{"line":116,"column":39},"end":{"line":116,"column":77}},{"start":{"line":116,"column":80},"end":{"line":116,"column":84}}],"line":116},"4":{"loc":{"start":{"line":119,"column":6},"end":{"line":119,"column":92}},"type":"if","locations":[{"start":{"line":119,"column":6},"end":{"line":119,"column":92}},{"start":{},"end":{}}],"line":119},"5":{"loc":{"start":{"line":123,"column":6},"end":{"line":123,"column":43}},"type":"if","locations":[{"start":{"line":123,"column":6},"end":{"line":123,"column":43}},{"start":{},"end":{}}],"line":123},"6":{"loc":{"start":{"line":126,"column":6},"end":{"line":126,"column":57}},"type":"if","locations":[{"start":{"line":126,"column":6},"end":{"line":126,"column":57}},{"start":{},"end":{}}],"line":126},"7":{"loc":{"start":{"line":127,"column":6},"end":{"line":127,"column":51}},"type":"if","locations":[{"start":{"line":127,"column":6},"end":{"line":127,"column":51}},{"start":{},"end":{}}],"line":127},"8":{"loc":{"start":{"line":159,"column":53},"end":{"line":159,"column":67}},"type":"default-arg","locations":[{"start":{"line":159,"column":61},"end":{"line":159,"column":67}}],"line":159},"9":{"loc":{"start":{"line":174,"column":166},"end":{"line":174,"column":186}},"type":"binary-expr","locations":[{"start":{"line":174,"column":166},"end":{"line":174,"column":180}},{"start":{"line":174,"column":184},"end":{"line":174,"column":186}}],"line":174},"10":{"loc":{"start":{"line":174,"column":195},"end":{"line":174,"column":214}},"type":"binary-expr","locations":[{"start":{"line":174,"column":195},"end":{"line":174,"column":209}},{"start":{"line":174,"column":213},"end":{"line":174,"column":214}}],"line":174},"11":{"loc":{"start":{"line":182,"column":6},"end":{"line":182,"column":95}},"type":"if","locations":[{"start":{"line":182,"column":6},"end":{"line":182,"column":95}},{"start":{},"end":{}}],"line":182},"12":{"loc":{"start":{"line":197,"column":6},"end":{"line":197,"column":70}},"type":"if","locations":[{"start":{"line":197,"column":6},"end":{"line":197,"column":70}},{"start":{},"end":{}}],"line":197},"13":{"loc":{"start":{"line":198,"column":6},"end":{"line":198,"column":134}},"type":"if","locations":[{"start":{"line":198,"column":6},"end":{"line":198,"column":134}},{"start":{},"end":{}}],"line":198},"14":{"loc":{"start":{"line":207,"column":6},"end":{"line":207,"column":65}},"type":"if","locations":[{"start":{"line":207,"column":6},"end":{"line":207,"column":65}},{"start":{},"end":{}}],"line":207},"15":{"loc":{"start":{"line":208,"column":6},"end":{"line":208,"column":154}},"type":"if","locations":[{"start":{"line":208,"column":6},"end":{"line":208,"column":154}},{"start":{},"end":{}}],"line":208},"16":{"loc":{"start":{"line":208,"column":54},"end":{"line":208,"column":152}},"type":"if","locations":[{"start":{"line":208,"column":54},"end":{"line":208,"column":152}},{"start":{},"end":{}}],"line":208}},"s":{"0":0,"1":0,"2":0,"3":0,"4":0,"5":0,"6":0,"7":0,"8":0,"9":0,"10":0,"11":0,"12":0,"13":0,"14":0,"15":0,"16":0,"17":0,"18":0,"19":0,"20":0,"21":0,"22":0,"23":0,"24":0,"25":0,"26":0,"27":0,"28":0,"29":0,"30":0,"31":0,"32":0,"33":0,"34":0,"35":0,"36":0,"37":0,"38":0,"39":0,"40":0,"41":0,"42":0,"43":0,"44":0,"45":0,"46":0,"47":0,"48":0,"49":0,"50":0,"51":0,"52":0,"53":0,"54":0,"55":0,"56":0,"57":0,"58":0,"59":0,"60":0,"61":0,"62":0,"63":0,"64":0,"65":0,"66":0,"67":0,"68":0,"69":0,"70":0,"71":0,"72":0,"73":0,"74":0,"75":0,"76":0,"77":0,"78":0,"79":0,"80":0,"81":0,"82":0,"83":0,"84":0,"85":0,"86":0,"87":0,"88":0,"89":0,"90":0,"91":0,"92":0,"93":0,"94":0,"95":0,"96":0,"97":0,"98":0,"99":0,"100":0,"101":0,"102":0,"103":0,"104":0,"105":0,"106":0,"107":0,"108":0,"109":0,"110":0,"111":0,"112":0,"113":0,"114":0,"115":0,"116":0,"117":0,"118":0,"119":0,"120":0,"121":0,"122":0,"123":0,"124":0,"125":0,"126":0,"127":0,"128":0,"129":0,"130":0,"131":0,"132":0,"133":0,"134":0,"135":0,"136":0,"137":0,"138":0,"139":0,"140":0,"141":0,"142":0,"143":0,"144":0,"145":0,"146":0,"147":0,"148":0,"149":0,"150":0,"151":0,"152":0,"153":0,"154":0,"155":0,"156":0,"157":0,"158":0,"159":0,"160":0,"161":0,"162":0,"163":0,"164":0,"165":0,"166":0,"167":0,"168":0,"169":0},"f":{"0":0,"1":0,"2":0,"3":0,"4":0,"5":0,"6":0,"7":0,"8":0,"9":0,"10":0,"11":0,"12":0,"13":0,"14":0,"15":0,"16":0,"17":0,"18":0,"19":0,"20":0,"21":0,"22":0,"23":0,"24":0},"b":{"0":[0,0],"1":[0,0],"2":[0,0],"3":[0,0],"4":[0,0],"5":[0,0],"6":[0,0],"7":[0,0],"8":[0],"9":[0,0],"10":[0,0],"11":[0,0],"12":[0,0],"13":[0,0],"14":[0,0],"15":[0,0],"16":[0,0]}}
,"C:\\projects\\crypto_clone\\backend\\src\\errors\\index.js": {"path":"C:\\projects\\crypto_clone\\backend\\src\\errors\\index.js","statementMap":{"0":{"start":{"line":5,"column":4},"end":{"line":5,"column":19}},"1":{"start":{"line":6,"column":4},"end":{"line":6,"column":33}},"2":{"start":{"line":7,"column":4},"end":{"line":7,"column":21}},"3":{"start":{"line":8,"column":4},"end":{"line":8,"column":30}},"4":{"start":{"line":9,"column":4},"end":{"line":9,"column":52}},"5":{"start":{"line":15,"column":4},"end":{"line":15,"column":30}},"6":{"start":{"line":21,"column":4},"end":{"line":21,"column":30}},"7":{"start":{"line":27,"column":4},"end":{"line":27,"column":30}},"8":{"start":{"line":33,"column":4},"end":{"line":33,"column":30}},"9":{"start":{"line":34,"column":4},"end":{"line":34,"column":25}},"10":{"start":{"line":40,"column":4},"end":{"line":40,"column":30}},"11":{"start":{"line":46,"column":4},"end":{"line":46,"column":30}},"12":{"start":{"line":52,"column":4},"end":{"line":52,"column":30}},"13":{"start":{"line":56,"column":0},"end":{"line":65,"column":2}}},"fnMap":{"0":{"name":"(anonymous_0)","decl":{"start":{"line":4,"column":2},"end":{"line":4,"column":3}},"loc":{"start":{"line":4,"column":55},"end":{"line":10,"column":3}},"line":4},"1":{"name":"(anonymous_1)","decl":{"start":{"line":14,"column":2},"end":{"line":14,"column":3}},"loc":{"start":{"line":14,"column":70},"end":{"line":16,"column":3}},"line":14},"2":{"name":"(anonymous_2)","decl":{"start":{"line":20,"column":2},"end":{"line":20,"column":3}},"loc":{"start":{"line":20,"column":64},"end":{"line":22,"column":3}},"line":20},"3":{"name":"(anonymous_3)","decl":{"start":{"line":26,"column":2},"end":{"line":26,"column":3}},"loc":{"start":{"line":26,"column":66},"end":{"line":28,"column":3}},"line":26},"4":{"name":"(anonymous_4)","decl":{"start":{"line":32,"column":2},"end":{"line":32,"column":3}},"loc":{"start":{"line":32,"column":85},"end":{"line":35,"column":3}},"line":32},"5":{"name":"(anonymous_5)","decl":{"start":{"line":39,"column":2},"end":{"line":39,"column":3}},"loc":{"start":{"line":39,"column":64},"end":{"line":41,"column":3}},"line":39},"6":{"name":"(anonymous_6)","decl":{"start":{"line":45,"column":2},"end":{"line":45,"column":3}},"loc":{"start":{"line":45,"column":83},"end":{"line":47,"column":3}},"line":45},"7":{"name":"(anonymous_7)","decl":{"start":{"line":51,"column":2},"end":{"line":51,"column":3}},"loc":{"start":{"line":51,"column":66},"end":{"line":53,"column":3}},"line":51}},"branchMap":{"0":{"loc":{"start":{"line":4,"column":35},"end":{"line":4,"column":53}},"type":"default-arg","locations":[{"start":{"line":4,"column":42},"end":{"line":4,"column":53}}],"line":4},"1":{"loc":{"start":{"line":14,"column":14},"end":{"line":14,"column":47}},"type":"default-arg","locations":[{"start":{"line":14,"column":24},"end":{"line":14,"column":47}}],"line":14},"2":{"loc":{"start":{"line":14,"column":49},"end":{"line":14,"column":68}},"type":"default-arg","locations":[{"start":{"line":14,"column":56},"end":{"line":14,"column":68}}],"line":14},"3":{"loc":{"start":{"line":20,"column":14},"end":{"line":20,"column":42}},"type":"default-arg","locations":[{"start":{"line":20,"column":24},"end":{"line":20,"column":42}}],"line":20},"4":{"loc":{"start":{"line":20,"column":44},"end":{"line":20,"column":62}},"type":"default-arg","locations":[{"start":{"line":20,"column":51},"end":{"line":20,"column":62}}],"line":20},"5":{"loc":{"start":{"line":26,"column":14},"end":{"line":26,"column":44}},"type":"default-arg","locations":[{"start":{"line":26,"column":24},"end":{"line":26,"column":44}}],"line":26},"6":{"loc":{"start":{"line":26,"column":46},"end":{"line":26,"column":64}},"type":"default-arg","locations":[{"start":{"line":26,"column":53},"end":{"line":26,"column":64}}],"line":26},"7":{"loc":{"start":{"line":32,"column":14},"end":{"line":32,"column":43}},"type":"default-arg","locations":[{"start":{"line":32,"column":24},"end":{"line":32,"column":43}}],"line":32},"8":{"loc":{"start":{"line":32,"column":45},"end":{"line":32,"column":56}},"type":"default-arg","locations":[{"start":{"line":32,"column":54},"end":{"line":32,"column":56}}],"line":32},"9":{"loc":{"start":{"line":32,"column":58},"end":{"line":32,"column":83}},"type":"default-arg","locations":[{"start":{"line":32,"column":65},"end":{"line":32,"column":83}}],"line":32},"10":{"loc":{"start":{"line":39,"column":14},"end":{"line":39,"column":43}},"type":"default-arg","locations":[{"start":{"line":39,"column":24},"end":{"line":39,"column":43}}],"line":39},"11":{"loc":{"start":{"line":39,"column":45},"end":{"line":39,"column":62}},"type":"default-arg","locations":[{"start":{"line":39,"column":52},"end":{"line":39,"column":62}}],"line":39},"12":{"loc":{"start":{"line":45,"column":14},"end":{"line":45,"column":48}},"type":"default-arg","locations":[{"start":{"line":45,"column":24},"end":{"line":45,"column":48}}],"line":45},"13":{"loc":{"start":{"line":45,"column":50},"end":{"line":45,"column":81}},"type":"default-arg","locations":[{"start":{"line":45,"column":57},"end":{"line":45,"column":81}}],"line":45},"14":{"loc":{"start":{"line":51,"column":14},"end":{"line":51,"column":43}},"type":"default-arg","locations":[{"start":{"line":51,"column":24},"end":{"line":51,"column":43}}],"line":51},"15":{"loc":{"start":{"line":51,"column":45},"end":{"line":51,"column":64}},"type":"default-arg","locations":[{"start":{"line":51,"column":52},"end":{"line":51,"column":64}}],"line":51}},"s":{"0":0,"1":0,"2":0,"3":0,"4":0,"5":0,"6":0,"7":0,"8":0,"9":0,"10":0,"11":0,"12":0,"13":1},"f":{"0":0,"1":0,"2":0,"3":0,"4":0,"5":0,"6":0,"7":0},"b":{"0":[0],"1":[0],"2":[0],"3":[0],"4":[0],"5":[0],"6":[0],"7":[0],"8":[0],"9":[0],"10":[0],"11":[0],"12":[0],"13":[0],"14":[0],"15":[0]},"_coverageSchema":"1a1c01bbd47fc00a2c39e90264f33305004495a9","hash":"7ffa039950e9bdf3b8101aafc085917a3ae15e6c"}
,"C:\\projects\\crypto_clone\\backend\\src\\middleware\\index.js": {"path":"C:\\projects\\crypto_clone\\backend\\src\\middleware\\index.js","statementMap":{"0":{"start":{"line":2,"column":30},"end":{"line":2,"column":49}},"1":{"start":{"line":3,"column":38},"end":{"line":3,"column":58}},"2":{"start":{"line":4,"column":21},"end":{"line":4,"column":41}},"3":{"start":{"line":5,"column":13},"end":{"line":5,"column":38}},"4":{"start":{"line":6,"column":15},"end":{"line":6,"column":42}},"5":{"start":{"line":7,"column":12},"end":{"line":7,"column":26}},"6":{"start":{"line":8,"column":29},"end":{"line":8,"column":61}},"7":{"start":{"line":9,"column":32},"end":{"line":9,"column":58}},"8":{"start":{"line":13,"column":21},"end":{"line":34,"column":1}},"9":{"start":{"line":14,"column":2},"end":{"line":33,"column":3}},"10":{"start":{"line":15,"column":23},"end":{"line":15,"column":48}},"11":{"start":{"line":16,"column":4},"end":{"line":18,"column":5}},"12":{"start":{"line":17,"column":6},"end":{"line":17,"column":59}},"13":{"start":{"line":20,"column":18},"end":{"line":20,"column":42}},"14":{"start":{"line":21,"column":20},"end":{"line":21,"column":44}},"15":{"start":{"line":23,"column":17},"end":{"line":23,"column":86}},"16":{"start":{"line":24,"column":4},"end":{"line":24,"column":71}},"17":{"start":{"line":24,"column":15},"end":{"line":24,"column":71}},"18":{"start":{"line":25,"column":4},"end":{"line":25,"column":87}},"19":{"start":{"line":25,"column":24},"end":{"line":25,"column":87}},"20":{"start":{"line":26,"column":4},"end":{"line":26,"column":87}},"21":{"start":{"line":26,"column":24},"end":{"line":26,"column":87}},"22":{"start":{"line":28,"column":4},"end":{"line":28,"column":20}},"23":{"start":{"line":29,"column":4},"end":{"line":29,"column":31}},"24":{"start":{"line":30,"column":4},"end":{"line":30,"column":11}},"25":{"start":{"line":32,"column":4},"end":{"line":32,"column":16}},"26":{"start":{"line":38,"column":20},"end":{"line":44,"column":1}},"27":{"start":{"line":38,"column":34},"end":{"line":44,"column":1}},"28":{"start":{"line":39,"column":2},"end":{"line":39,"column":65}},"29":{"start":{"line":39,"column":17},"end":{"line":39,"column":65}},"30":{"start":{"line":40,"column":2},"end":{"line":42,"column":3}},"31":{"start":{"line":41,"column":4},"end":{"line":41,"column":85}},"32":{"start":{"line":43,"column":2},"end":{"line":43,"column":9}},"33":{"start":{"line":48,"column":19},"end":{"line":54,"column":1}},"34":{"start":{"line":49,"column":2},"end":{"line":49,"column":65}},"35":{"start":{"line":49,"column":17},"end":{"line":49,"column":65}},"36":{"start":{"line":50,"column":2},"end":{"line":52,"column":3}},"37":{"start":{"line":51,"column":4},"end":{"line":51,"column":81}},"38":{"start":{"line":53,"column":2},"end":{"line":53,"column":9}},"39":{"start":{"line":58,"column":22},"end":{"line":79,"column":1}},"40":{"start":{"line":59,"column":22},"end":{"line":73,"column":3}},"41":{"start":{"line":60,"column":4},"end":{"line":60,"column":48}},"42":{"start":{"line":60,"column":41},"end":{"line":60,"column":48}},"43":{"start":{"line":61,"column":4},"end":{"line":72,"column":5}},"44":{"start":{"line":63,"column":6},"end":{"line":66,"column":7}},"45":{"start":{"line":64,"column":8},"end":{"line":64,"column":24}},"46":{"start":{"line":65,"column":8},"end":{"line":65,"column":17}},"47":{"start":{"line":67,"column":6},"end":{"line":71,"column":7}},"48":{"start":{"line":68,"column":8},"end":{"line":68,"column":40}},"49":{"start":{"line":69,"column":13},"end":{"line":71,"column":7}},"50":{"start":{"line":70,"column":8},"end":{"line":70,"column":30}},"51":{"start":{"line":75,"column":2},"end":{"line":75,"column":24}},"52":{"start":{"line":76,"column":2},"end":{"line":76,"column":25}},"53":{"start":{"line":77,"column":2},"end":{"line":77,"column":26}},"54":{"start":{"line":78,"column":2},"end":{"line":78,"column":9}},"55":{"start":{"line":83,"column":31},"end":{"line":83,"column":65}},"56":{"start":{"line":84,"column":20},"end":{"line":84,"column":72}},"57":{"start":{"line":86,"column":17},"end":{"line":107,"column":1}},"58":{"start":{"line":87,"column":23},"end":{"line":87,"column":41}},"59":{"start":{"line":88,"column":2},"end":{"line":105,"column":4}},"60":{"start":{"line":89,"column":4},"end":{"line":103,"column":5}},"61":{"start":{"line":91,"column":30},"end":{"line":91,"column":50}},"62":{"start":{"line":94,"column":6},"end":{"line":102,"column":73}},"63":{"start":{"line":102,"column":24},"end":{"line":102,"column":71}},"64":{"start":{"line":104,"column":4},"end":{"line":104,"column":30}},"65":{"start":{"line":106,"column":2},"end":{"line":106,"column":9}},"66":{"start":{"line":111,"column":21},"end":{"line":111,"column":23}},"67":{"start":{"line":113,"column":23},"end":{"line":125,"column":1}},"68":{"start":{"line":114,"column":14},"end":{"line":114,"column":50}},"69":{"start":{"line":115,"column":2},"end":{"line":123,"column":3}},"70":{"start":{"line":116,"column":4},"end":{"line":122,"column":7}},"71":{"start":{"line":124,"column":2},"end":{"line":124,"column":27}},"72":{"start":{"line":127,"column":18},"end":{"line":138,"column":1}},"73":{"start":{"line":127,"column":68},"end":{"line":138,"column":1}},"74":{"start":{"line":128,"column":2},"end":{"line":137,"column":3}},"75":{"start":{"line":129,"column":20},"end":{"line":129,"column":63}},"76":{"start":{"line":130,"column":16},"end":{"line":130,"column":66}},"77":{"start":{"line":131,"column":4},"end":{"line":131,"column":31}},"78":{"start":{"line":132,"column":4},"end":{"line":132,"column":11}},"79":{"start":{"line":134,"column":17},"end":{"line":134,"column":53}},"80":{"start":{"line":135,"column":4},"end":{"line":135,"column":33}},"81":{"start":{"line":136,"column":4},"end":{"line":136,"column":94}},"82":{"start":{"line":142,"column":21},"end":{"line":172,"column":1}},"83":{"start":{"line":143,"column":23},"end":{"line":143,"column":43}},"84":{"start":{"line":145,"column":2},"end":{"line":152,"column":3}},"85":{"start":{"line":146,"column":4},"end":{"line":151,"column":7}},"86":{"start":{"line":155,"column":2},"end":{"line":160,"column":5}},"87":{"start":{"line":163,"column":18},"end":{"line":165,"column":17}},"88":{"start":{"line":167,"column":2},"end":{"line":171,"column":5}},"89":{"start":{"line":176,"column":18},"end":{"line":181,"column":1}},"90":{"start":{"line":177,"column":25},"end":{"line":177,"column":40}},"91":{"start":{"line":178,"column":2},"end":{"line":178,"column":20}},"92":{"start":{"line":179,"column":2},"end":{"line":179,"column":34}},"93":{"start":{"line":180,"column":2},"end":{"line":180,"column":9}},"94":{"start":{"line":183,"column":0},"end":{"line":192,"column":2}}},"fnMap":{"0":{"name":"(anonymous_0)","decl":{"start":{"line":13,"column":21},"end":{"line":13,"column":22}},"loc":{"start":{"line":13,"column":47},"end":{"line":34,"column":1}},"line":13},"1":{"name":"(anonymous_1)","decl":{"start":{"line":38,"column":20},"end":{"line":38,"column":21}},"loc":{"start":{"line":38,"column":34},"end":{"line":44,"column":1}},"line":38},"2":{"name":"(anonymous_2)","decl":{"start":{"line":38,"column":34},"end":{"line":38,"column":35}},"loc":{"start":{"line":38,"column":54},"end":{"line":44,"column":1}},"line":38},"3":{"name":"(anonymous_3)","decl":{"start":{"line":48,"column":19},"end":{"line":48,"column":20}},"loc":{"start":{"line":48,"column":39},"end":{"line":54,"column":1}},"line":48},"4":{"name":"(anonymous_4)","decl":{"start":{"line":58,"column":22},"end":{"line":58,"column":23}},"loc":{"start":{"line":58,"column":42},"end":{"line":79,"column":1}},"line":58},"5":{"name":"(anonymous_5)","decl":{"start":{"line":59,"column":22},"end":{"line":59,"column":23}},"loc":{"start":{"line":59,"column":31},"end":{"line":73,"column":3}},"line":59},"6":{"name":"(anonymous_6)","decl":{"start":{"line":86,"column":17},"end":{"line":86,"column":18}},"loc":{"start":{"line":86,"column":43},"end":{"line":107,"column":1}},"line":86},"7":{"name":"(anonymous_7)","decl":{"start":{"line":88,"column":13},"end":{"line":88,"column":14}},"loc":{"start":{"line":88,"column":29},"end":{"line":105,"column":3}},"line":88},"8":{"name":"(anonymous_8)","decl":{"start":{"line":91,"column":23},"end":{"line":91,"column":24}},"loc":{"start":{"line":91,"column":30},"end":{"line":91,"column":50}},"line":91},"9":{"name":"(anonymous_9)","decl":{"start":{"line":102,"column":15},"end":{"line":102,"column":16}},"loc":{"start":{"line":102,"column":24},"end":{"line":102,"column":71}},"line":102},"10":{"name":"(anonymous_10)","decl":{"start":{"line":113,"column":23},"end":{"line":113,"column":24}},"loc":{"start":{"line":113,"column":56},"end":{"line":125,"column":1}},"line":113},"11":{"name":"(anonymous_11)","decl":{"start":{"line":127,"column":18},"end":{"line":127,"column":19}},"loc":{"start":{"line":127,"column":68},"end":{"line":138,"column":1}},"line":127},"12":{"name":"(anonymous_12)","decl":{"start":{"line":127,"column":68},"end":{"line":127,"column":69}},"loc":{"start":{"line":127,"column":94},"end":{"line":138,"column":1}},"line":127},"13":{"name":"(anonymous_13)","decl":{"start":{"line":142,"column":21},"end":{"line":142,"column":22}},"loc":{"start":{"line":142,"column":40},"end":{"line":172,"column":1}},"line":142},"14":{"name":"(anonymous_14)","decl":{"start":{"line":176,"column":18},"end":{"line":176,"column":19}},"loc":{"start":{"line":176,"column":38},"end":{"line":181,"column":1}},"line":176}},"branchMap":{"0":{"loc":{"start":{"line":16,"column":4},"end":{"line":18,"column":5}},"type":"if","locations":[{"start":{"line":16,"column":4},"end":{"line":18,"column":5}},{"start":{},"end":{}}],"line":16},"1":{"loc":{"start":{"line":16,"column":8},"end":{"line":16,"column":56}},"type":"binary-expr","locations":[{"start":{"line":16,"column":8},"end":{"line":16,"column":19}},{"start":{"line":16,"column":23},"end":{"line":16,"column":56}}],"line":16},"2":{"loc":{"start":{"line":24,"column":4},"end":{"line":24,"column":71}},"type":"if","locations":[{"start":{"line":24,"column":4},"end":{"line":24,"column":71}},{"start":{},"end":{}}],"line":24},"3":{"loc":{"start":{"line":25,"column":4},"end":{"line":25,"column":87}},"type":"if","locations":[{"start":{"line":25,"column":4},"end":{"line":25,"column":87}},{"start":{},"end":{}}],"line":25},"4":{"loc":{"start":{"line":26,"column":4},"end":{"line":26,"column":87}},"type":"if","locations":[{"start":{"line":26,"column":4},"end":{"line":26,"column":87}},{"start":{},"end":{}}],"line":26},"5":{"loc":{"start":{"line":39,"column":2},"end":{"line":39,"column":65}},"type":"if","locations":[{"start":{"line":39,"column":2},"end":{"line":39,"column":65}},{"start":{},"end":{}}],"line":39},"6":{"loc":{"start":{"line":40,"column":2},"end":{"line":42,"column":3}},"type":"if","locations":[{"start":{"line":40,"column":2},"end":{"line":42,"column":3}},{"start":{},"end":{}}],"line":40},"7":{"loc":{"start":{"line":49,"column":2},"end":{"line":49,"column":65}},"type":"if","locations":[{"start":{"line":49,"column":2},"end":{"line":49,"column":65}},{"start":{},"end":{}}],"line":49},"8":{"loc":{"start":{"line":50,"column":2},"end":{"line":52,"column":3}},"type":"if","locations":[{"start":{"line":50,"column":2},"end":{"line":52,"column":3}},{"start":{},"end":{}}],"line":50},"9":{"loc":{"start":{"line":60,"column":4},"end":{"line":60,"column":48}},"type":"if","locations":[{"start":{"line":60,"column":4},"end":{"line":60,"column":48}},{"start":{},"end":{}}],"line":60},"10":{"loc":{"start":{"line":60,"column":8},"end":{"line":60,"column":39}},"type":"binary-expr","locations":[{"start":{"line":60,"column":8},"end":{"line":60,"column":12}},{"start":{"line":60,"column":16},"end":{"line":60,"column":39}}],"line":60},"11":{"loc":{"start":{"line":63,"column":6},"end":{"line":66,"column":7}},"type":"if","locations":[{"start":{"line":63,"column":6},"end":{"line":66,"column":7}},{"start":{},"end":{}}],"line":63},"12":{"loc":{"start":{"line":63,"column":10},"end":{"line":63,"column":50}},"type":"binary-expr","locations":[{"start":{"line":63,"column":10},"end":{"line":63,"column":29}},{"start":{"line":63,"column":33},"end":{"line":63,"column":50}}],"line":63},"13":{"loc":{"start":{"line":67,"column":6},"end":{"line":71,"column":7}},"type":"if","locations":[{"start":{"line":67,"column":6},"end":{"line":71,"column":7}},{"start":{"line":69,"column":13},"end":{"line":71,"column":7}}],"line":67},"14":{"loc":{"start":{"line":69,"column":13},"end":{"line":71,"column":7}},"type":"if","locations":[{"start":{"line":69,"column":13},"end":{"line":71,"column":7}},{"start":{},"end":{}}],"line":69},"15":{"loc":{"start":{"line":69,"column":17},"end":{"line":69,"column":66}},"type":"binary-expr","locations":[{"start":{"line":69,"column":17},"end":{"line":69,"column":45}},{"start":{"line":69,"column":49},"end":{"line":69,"column":66}}],"line":69},"16":{"loc":{"start":{"line":89,"column":4},"end":{"line":103,"column":5}},"type":"if","locations":[{"start":{"line":89,"column":4},"end":{"line":103,"column":5}},{"start":{},"end":{}}],"line":89},"17":{"loc":{"start":{"line":90,"column":6},"end":{"line":92,"column":26}},"type":"binary-expr","locations":[{"start":{"line":90,"column":6},"end":{"line":90,"column":49}},{"start":{"line":91,"column":6},"end":{"line":91,"column":51}},{"start":{"line":92,"column":6},"end":{"line":92,"column":26}}],"line":90},"18":{"loc":{"start":{"line":95,"column":16},"end":{"line":95,"column":37}},"type":"binary-expr","locations":[{"start":{"line":95,"column":16},"end":{"line":95,"column":29}},{"start":{"line":95,"column":33},"end":{"line":95,"column":37}}],"line":95},"19":{"loc":{"start":{"line":101,"column":18},"end":{"line":101,"column":58}},"type":"cond-expr","locations":[{"start":{"line":101,"column":44},"end":{"line":101,"column":50}},{"start":{"line":101,"column":53},"end":{"line":101,"column":58}}],"line":101},"20":{"loc":{"start":{"line":115,"column":2},"end":{"line":123,"column":3}},"type":"if","locations":[{"start":{"line":115,"column":2},"end":{"line":123,"column":3}},{"start":{},"end":{}}],"line":115},"21":{"loc":{"start":{"line":127,"column":19},"end":{"line":127,"column":30}},"type":"default-arg","locations":[{"start":{"line":127,"column":28},"end":{"line":127,"column":30}}],"line":127},"22":{"loc":{"start":{"line":127,"column":32},"end":{"line":127,"column":45}},"type":"default-arg","locations":[{"start":{"line":127,"column":43},"end":{"line":127,"column":45}}],"line":127},"23":{"loc":{"start":{"line":127,"column":47},"end":{"line":127,"column":63}},"type":"default-arg","locations":[{"start":{"line":127,"column":59},"end":{"line":127,"column":63}}],"line":127},"24":{"loc":{"start":{"line":130,"column":16},"end":{"line":130,"column":66}},"type":"cond-expr","locations":[{"start":{"line":130,"column":27},"end":{"line":130,"column":49}},{"start":{"line":130,"column":52},"end":{"line":130,"column":66}}],"line":130},"25":{"loc":{"start":{"line":145,"column":2},"end":{"line":152,"column":3}},"type":"if","locations":[{"start":{"line":145,"column":2},"end":{"line":152,"column":3}},{"start":{},"end":{}}],"line":145},"26":{"loc":{"start":{"line":145,"column":6},"end":{"line":145,"column":50}},"type":"binary-expr","locations":[{"start":{"line":145,"column":6},"end":{"line":145,"column":29}},{"start":{"line":145,"column":33},"end":{"line":145,"column":50}}],"line":145},"27":{"loc":{"start":{"line":150,"column":10},"end":{"line":150,"column":80}},"type":"binary-expr","locations":[{"start":{"line":150,"column":10},"end":{"line":150,"column":20}},{"start":{"line":150,"column":24},"end":{"line":150,"column":54}},{"start":{"line":150,"column":58},"end":{"line":150,"column":80}}],"line":150},"28":{"loc":{"start":{"line":163,"column":18},"end":{"line":165,"column":17}},"type":"cond-expr","locations":[{"start":{"line":164,"column":6},"end":{"line":164,"column":36}},{"start":{"line":165,"column":6},"end":{"line":165,"column":17}}],"line":163}},"s":{"0":0,"1":0,"2":0,"3":0,"4":0,"5":0,"6":0,"7":0,"8":0,"9":0,"10":0,"11":0,"12":0,"13":0,"14":0,"15":0,"16":0,"17":0,"18":0,"19":0,"20":0,"21":0,"22":0,"23":0,"24":0,"25":0,"26":0,"27":0,"28":0,"29":0,"30":0,"31":0,"32":0,"33":0,"34":0,"35":0,"36":0,"37":0,"38":0,"39":0,"40":0,"41":0,"42":0,"43":0,"44":0,"45":0,"46":0,"47":0,"48":0,"49":0,"50":0,"51":0,"52":0,"53":0,"54":0,"55":0,"56":0,"57":0,"58":0,"59":0,"60":0,"61":0,"62":0,"63":0,"64":0,"65":0,"66":0,"67":0,"68":0,"69":0,"70":0,"71":0,"72":0,"73":0,"74":0,"75":0,"76":0,"77":0,"78":0,"79":0,"80":0,"81":0,"82":0,"83":0,"84":0,"85":0,"86":0,"87":0,"88":0,"89":0,"90":0,"91":0,"92":0,"93":0,"94":0},"f":{"0":0,"1":0,"2":0,"3":0,"4":0,"5":0,"6":0,"7":0,"8":0,"9":0,"10":0,"11":0,"12":0,"13":0,"14":0},"b":{"0":[0,0],"1":[0,0],"2":[0,0],"3":[0,0],"4":[0,0],"5":[0,0],"6":[0,0],"7":[0,0],"8":[0,0],"9":[0,0],"10":[0,0],"11":[0,0],"12":[0,0],"13":[0,0],"14":[0,0],"15":[0,0],"16":[0,0],"17":[0,0,0],"18":[0,0],"19":[0,0],"20":[0,0],"21":[0],"22":[0],"23":[0],"24":[0,0],"25":[0,0],"26":[0,0],"27":[0,0,0],"28":[0,0]}}
,"C:\\projects\\crypto_clone\\backend\\src\\models\\User.js": {"path":"C:\\projects\\crypto_clone\\backend\\src\\models\\User.js","statementMap":{"0":{"start":{"line":2,"column":17},"end":{"line":2,"column":36}},"1":{"start":{"line":3,"column":15},"end":{"line":3,"column":34}},"2":{"start":{"line":4,"column":30},"end":{"line":4,"column":60}},"3":{"start":{"line":6,"column":19},"end":{"line":152,"column":1}},"4":{"start":{"line":145,"column":8},"end":{"line":145,"column":28}},"5":{"start":{"line":146,"column":8},"end":{"line":146,"column":35}},"6":{"start":{"line":147,"column":8},"end":{"line":147,"column":23}},"7":{"start":{"line":148,"column":8},"end":{"line":148,"column":19}},"8":{"start":{"line":155,"column":0},"end":{"line":155,"column":31}},"9":{"start":{"line":156,"column":0},"end":{"line":156,"column":31}},"10":{"start":{"line":157,"column":0},"end":{"line":157,"column":38}},"11":{"start":{"line":158,"column":0},"end":{"line":158,"column":36}},"12":{"start":{"line":161,"column":0},"end":{"line":166,"column":3}},"13":{"start":{"line":162,"column":2},"end":{"line":162,"column":50}},"14":{"start":{"line":162,"column":36},"end":{"line":162,"column":50}},"15":{"start":{"line":163,"column":21},"end":{"line":163,"column":23}},"16":{"start":{"line":164,"column":2},"end":{"line":164,"column":63}},"17":{"start":{"line":165,"column":2},"end":{"line":165,"column":9}},"18":{"start":{"line":169,"column":0},"end":{"line":174,"column":3}},"19":{"start":{"line":170,"column":2},"end":{"line":172,"column":3}},"20":{"start":{"line":171,"column":4},"end":{"line":171,"column":69}},"21":{"start":{"line":173,"column":2},"end":{"line":173,"column":9}},"22":{"start":{"line":177,"column":0},"end":{"line":179,"column":2}},"23":{"start":{"line":178,"column":2},"end":{"line":178,"column":58}},"24":{"start":{"line":182,"column":0},"end":{"line":184,"column":2}},"25":{"start":{"line":183,"column":2},"end":{"line":183,"column":55}},"26":{"start":{"line":187,"column":0},"end":{"line":189,"column":3}},"27":{"start":{"line":188,"column":2},"end":{"line":188,"column":46}},"28":{"start":{"line":191,"column":0},"end":{"line":191,"column":52}}},"fnMap":{"0":{"name":"(anonymous_0)","decl":{"start":{"line":144,"column":6},"end":{"line":144,"column":7}},"loc":{"start":{"line":144,"column":26},"end":{"line":149,"column":7}},"line":144},"1":{"name":"(anonymous_1)","decl":{"start":{"line":161,"column":23},"end":{"line":161,"column":24}},"loc":{"start":{"line":161,"column":45},"end":{"line":166,"column":1}},"line":161},"2":{"name":"(anonymous_2)","decl":{"start":{"line":169,"column":23},"end":{"line":169,"column":24}},"loc":{"start":{"line":169,"column":39},"end":{"line":174,"column":1}},"line":169},"3":{"name":"(anonymous_3)","decl":{"start":{"line":177,"column":37},"end":{"line":177,"column":38}},"loc":{"start":{"line":177,"column":72},"end":{"line":179,"column":1}},"line":177},"4":{"name":"(anonymous_4)","decl":{"start":{"line":182,"column":30},"end":{"line":182,"column":31}},"loc":{"start":{"line":182,"column":42},"end":{"line":184,"column":1}},"line":182},"5":{"name":"(anonymous_5)","decl":{"start":{"line":187,"column":35},"end":{"line":187,"column":36}},"loc":{"start":{"line":187,"column":47},"end":{"line":189,"column":1}},"line":187}},"branchMap":{"0":{"loc":{"start":{"line":162,"column":2},"end":{"line":162,"column":50}},"type":"if","locations":[{"start":{"line":162,"column":2},"end":{"line":162,"column":50}},{"start":{},"end":{}}],"line":162},"1":{"loc":{"start":{"line":170,"column":2},"end":{"line":172,"column":3}},"type":"if","locations":[{"start":{"line":170,"column":2},"end":{"line":172,"column":3}},{"start":{},"end":{}}],"line":170},"2":{"loc":{"start":{"line":183,"column":9},"end":{"line":183,"column":54}},"type":"binary-expr","locations":[{"start":{"line":183,"column":9},"end":{"line":183,"column":23}},{"start":{"line":183,"column":27},"end":{"line":183,"column":54}}],"line":183}},"s":{"0":0,"1":0,"2":0,"3":0,"4":0,"5":0,"6":0,"7":0,"8":0,"9":0,"10":0,"11":0,"12":0,"13":0,"14":0,"15":0,"16":0,"17":0,"18":0,"19":0,"20":0,"21":0,"22":0,"23":0,"24":0,"25":0,"26":0,"27":0,"28":0},"f":{"0":0,"1":0,"2":0,"3":0,"4":0,"5":0},"b":{"0":[0,0],"1":[0,0],"2":[0,0]}}
[...]
ine":20,"column":4},"end":{"line":20,"column":47}},"16":{"start":{"line":23,"column":2},"end":{"line":26,"column":5}},"17":{"start":{"line":24,"column":14},"end":{"line":24,"column":40}},"18":{"start":{"line":25,"column":4},"end":{"line":25,"column":67}},"19":{"start":{"line":25,"column":37},"end":{"line":25,"column":67}},"20":{"start":{"line":29,"column":24},"end":{"line":35,"column":1}},"21":{"start":{"line":30,"column":2},"end":{"line":30,"column":29}},"22":{"start":{"line":30,"column":22},"end":{"line":30,"column":29}},"23":{"start":{"line":32,"column":2},"end":{"line":34,"column":5}},"24":{"start":{"line":33,"column":4},"end":{"line":33,"column":43}},"25":{"start":{"line":37,"column":31},"end":{"line":40,"column":1}},"26":{"start":{"line":38,"column":2},"end":{"line":38,"column":29}},"27":{"start":{"line":38,"column":22},"end":{"line":38,"column":29}},"28":{"start":{"line":39,"column":2},"end":{"line":39,"column":48}},"29":{"start":{"line":42,"column":0},"end":{"line":42,"column":79}}},"fnMap":{"0":{"name":"(anonymous_0)","decl":{"start":{"line":6,"column":25},"end":{"line":6,"column":26}},"loc":{"start":{"line":6,"column":42},"end":{"line":27,"column":1}},"line":6},"1":{"name":"(anonymous_1)","decl":{"start":{"line":7,"column":30},"end":{"line":7,"column":31}},"loc":{"start":{"line":7,"column":46},"end":{"line":17,"column":3}},"line":7},"2":{"name":"(anonymous_2)","decl":{"start":{"line":19,"column":32},"end":{"line":19,"column":33}},"loc":{"start":{"line":19,"column":42},"end":{"line":21,"column":3}},"line":19},"3":{"name":"(anonymous_3)","decl":{"start":{"line":23,"column":35},"end":{"line":23,"column":36}},"loc":{"start":{"line":23,"column":45},"end":{"line":26,"column":3}},"line":23},"4":{"name":"(anonymous_4)","decl":{"start":{"line":29,"column":24},"end":{"line":29,"column":25}},"loc":{"start":{"line":29,"column":41},"end":{"line":35,"column":1}},"line":29},"5":{"name":"(anonymous_5)","decl":{"start":{"line":32,"column":32},"end":{"line":32,"column":33}},"loc":{"start":{"line":32,"column":38},"end":{"line":34,"column":3}},"line":32},"6":{"name":"(anonymous_6)","decl":{"start":{"line":37,"column":31},"end":{"line":37,"column":32}},"loc":{"start":{"line":37,"column":48},"end":{"line":40,"column":1}},"line":37}},"branchMap":{"0":{"loc":{"start":{"line":9,"column":4},"end":{"line":9,"column":45}},"type":"if","locations":[{"start":{"line":9,"column":4},"end":{"line":9,"column":45}},{"start":{},"end":{}}],"line":9},"1":{"loc":{"start":{"line":15,"column":6},"end":{"line":15,"column":82}},"type":"if","locations":[{"start":{"line":15,"column":6},"end":{"line":15,"column":82}},{"start":{},"end":{}}],"line":15},"2":{"loc":{"start":{"line":25,"column":4},"end":{"line":25,"column":67}},"type":"if","locations":[{"start":{"line":25,"column":4},"end":{"line":25,"column":67}},{"start":{},"end":{}}],"line":25},"3":{"loc":{"start":{"line":30,"column":2},"end":{"line":30,"column":29}},"type":"if","locations":[{"start":{"line":30,"column":2},"end":{"line":30,"column":29}},{"start":{},"end":{}}],"line":30},"4":{"loc":{"start":{"line":38,"column":2},"end":{"line":38,"column":29}},"type":"if","locations":[{"start":{"line":38,"column":2},"end":{"line":38,"column":29}},{"start":{},"end":{}}],"line":38}},"s":{"0":0,"1":0,"2":0,"3":0,"4":0,"5":0,"6":0,"7":0,"8":0,"9":0,"10":0,"11":0,"12":0,"13":0,"14":0,"15":0,"16":0,"17":0,"18":0,"19":0,"20":0,"21":0,"22":0,"23":0,"24":0,"25":0,"26":0,"27":0,"28":0,"29":0},"f":{"0":0,"1":0,"2":0,"3":0,"4":0,"5":0,"6":0},"b":{"0":[0,0],"1":[0,0],"2":[0,0],"3":[0,0],"4":[0,0]}}
,"C:\\projects\\crypto_clone\\backend\\src\\sockets\\notification.socket.js": {"path":"C:\\projects\\crypto_clone\\backend\\src\\sockets\\notification.socket.js","statementMap":{"0":{"start":{"line":2,"column":35},"end":{"line":2,"column":61}},"1":{"start":{"line":3,"column":0},"end":{"line":3,"column":44}}},"fnMap":{},"branchMap":{},"s":{"0":0,"1":0},"f":{},"b":{}}
,"C:\\projects\\crypto_clone\\backend\\src\\sockets\\trade.socket.js": {"path":"C:\\projects\\crypto_clone\\backend\\src\\sockets\\trade.socket.js","statementMap":{"0":{"start":{"line":2,"column":28},"end":{"line":2,"column":54}},"1":{"start":{"line":3,"column":0},"end":{"line":3,"column":37}}},"fnMap":{},"branchMap":{},"s":{"0":0,"1":0},"f":{},"b":{}}
,"C:\\projects\\crypto_clone\\backend\\src\\utils\\crypto.utils.js": {"path":"C:\\projects\\crypto_clone\\backend\\src\\utils\\crypto.utils.js","statementMap":{"0":{"start":{"line":2,"column":15},"end":{"line":2,"column":32}},"1":{"start":{"line":3,"column":15},"end":{"line":3,"column":35}},"2":{"start":{"line":5,"column":18},"end":{"line":5,"column":31}},"3":{"start":{"line":6,"column":18},"end":{"line":6,"column":20}},"4":{"start":{"line":7,"column":24},"end":{"line":7,"column":26}},"5":{"start":{"line":8,"column":20},"end":{"line":8,"column":22}},"6":{"start":{"line":9,"column":19},"end":{"line":9,"column":21}},"7":{"start":{"line":10,"column":19},"end":{"line":10,"column":25}},"8":{"start":{"line":15,"column":16},"end":{"line":33,"column":1}},"9":{"start":{"line":16,"column":2},"end":{"line":16,"column":30}},"10":{"start":{"line":16,"column":18},"end":{"line":16,"column":30}},"11":{"start":{"line":17,"column":13},"end":{"line":17,"column":42}},"12":{"start":{"line":18,"column":15},"end":{"line":18,"column":46}},"13":{"start":{"line":19,"column":14},"end":{"line":25,"column":3}},"14":{"start":{"line":26,"column":17},"end":{"line":26,"column":58}},"15":{"start":{"line":27,"column":20},"end":{"line":30,"column":4}},"16":{"start":{"line":31,"column":18},"end":{"line":31,"column":37}},"17":{"start":{"line":32,"column":2},"end":{"line":32,"column":71}},"18":{"start":{"line":38,"column":16},"end":{"line":55,"column":1}},"19":{"start":{"line":39,"column":2},"end":{"line":39,"column":31}},"20":{"start":{"line":39,"column":19},"end":{"line":39,"column":31}},"21":{"start":{"line":40,"column":14},"end":{"line":40,"column":44}},"22":{"start":{"line":41,"column":15},"end":{"line":41,"column":43}},"23":{"start":{"line":42,"column":13},"end":{"line":42,"column":63}},"24":{"start":{"line":43,"column":18},"end":{"line":43,"column":98}},"25":{"start":{"line":44,"column":20},"end":{"line":44,"column":75}},"26":{"start":{"line":45,"column":14},"end":{"line":51,"column":3}},"27":{"start":{"line":52,"column":19},"end":{"line":52,"column":62}},"28":{"start":{"line":53,"column":2},"end":{"line":53,"column":31}},"29":{"start":{"line":54,"column":2},"end":{"line":54,"column":61}},"30":{"start":{"line":60,"column":28},"end":{"line":61,"column":43}},"31":{"start":{"line":61,"column":2},"end":{"line":61,"column":43}},"32":{"start":{"line":66,"column":19},"end":{"line":67,"column":65}},"33":{"start":{"line":67,"column":2},"end":{"line":67,"column":65}},"34":{"start":{"line":72,"column":20},"end":{"line":77,"column":1}},"35":{"start":{"line":73,"column":15},"end":{"line":73,"column":37}},"36":{"start":{"line":74,"column":15},"end":{"line":74,"column":37}},"37":{"start":{"line":75,"column":2},"end":{"line":75,"column":48}},"38":{"start":{"line":75,"column":35},"end":{"line":75,"column":48}},"39":{"start":{"line":76,"column":2},"end":{"line":76,"column":44}},"40":{"start":{"line":79,"column":0},"end":{"line":79,"column":84}}},"fnMap":{"0":{"name":"(anonymous_0)","decl":{"start":{"line":15,"column":16},"end":{"line":15,"column":17}},"loc":{"start":{"line":15,"column":31},"end":{"line":33,"column":1}},"line":15},"1":{"name":"(anonymous_1)","decl":{"start":{"line":38,"column":16},"end":{"line":38,"column":17}},"loc":{"start":{"line":38,"column":32},"end":{"line":55,"column":1}},"line":38},"2":{"name":"(anonymous_2)","decl":{"start":{"line":60,"column":28},"end":{"line":60,"column":29}},"loc":{"start":{"line":61,"column":2},"end":{"line":61,"column":43}},"line":61},"3":{"name":"(anonymous_3)","decl":{"start":{"line":66,"column":19},"end":{"line":66,"column":20}},"loc":{"start":{"line":67,"column":2},"end":{"line":67,"column":65}},"line":67},"4":{"name":"(anonymous_4)","decl":{"start":{"line":72,"column":20},"end":{"line":72,"column":21}},"loc":{"start":{"line":72,"column":30},"end":{"line":77,"column":1}},"line":72}},"branchMap":{"0":{"loc":{"start":{"line":16,"column":2},"end":{"line":16,"column":30}},"type":"if","locations":[{"start":{"line":16,"column":2},"end":{"line":16,"column":30}},{"start":{},"end":{}}],"line":16},"1":{"loc":{"start":{"line":39,"column":2},"end":{"line":39,"column":31}},"type":"if","locations":[{"start":{"line":39,"column":2},"end":{"line":39,"column":31}},{"start":{},"end":{}}],"line":39},"2":{"loc":{"start":{"line":60,"column":29},"end":{"line":60,"column":39}},"type":"default-arg","locations":[{"start":{"line":60,"column":37},"end":{"line":60,"column":39}}],"line":60},"3":{"loc":{"start":{"line":75,"column":2},"end":{"line":75,"column":48}},"type":"if","locations":[{"start":{"line":75,"column":2},"end":{"line":75,"column":48}},{"start":{},"end":{}}],"line":75}},"s":{"0":1,"1":1,"2":1,"3":1,"4":1,"5":1,"6":1,"7":1,"8":1,"9":0,"10":0,"11":0,"12":0,"13":0,"14":0,"15":0,"16":0,"17":0,"18":1,"19":0,"20":0,"21":0,"22":0,"23":0,"24":0,"25":0,"26":0,"27":0,"28":0,"29":0,"30":1,"31":0,"32":1,"33":0,"34":1,"35":0,"36":0,"37":0,"38":0,"39":0,"40":1},"f":{"0":0,"1":0,"2":0,"3":0,"4":0},"b":{"0":[0,0],"1":[0,0],"2":[0],"3":[0,0]},"_coverageSchema":"1a1c01bbd47fc00a2c39e90264f33305004495a9","hash":"c803734b371fbcac042dde110766ffaf8b467525"}
,"C:\\projects\\crypto_clone\\backend\\src\\utils\\index.js": {"path":"C:\\projects\\crypto_clone\\backend\\src\\utils\\index.js","statementMap":{"0":{"start":{"line":2,"column":12},"end":{"line":2,"column":35}},"1":{"start":{"line":3,"column":15},"end":{"line":3,"column":32}},"2":{"start":{"line":4,"column":15},"end":{"line":4,"column":34}},"3":{"start":{"line":5,"column":15},"end":{"line":5,"column":35}},"4":{"start":{"line":6,"column":22},"end":{"line":6,"column":42}},"5":{"start":{"line":8,"column":24},"end":{"line":9,"column":154}},"6":{"start":{"line":9,"column":2},"end":{"line":9,"column":154}},"7":{"start":{"line":11,"column":25},"end":{"line":12,"column":157}},"8":{"start":{"line":12,"column":2},"end":{"line":12,"column":157}},"9":{"start":{"line":14,"column":26},"end":{"line":20,"column":1}},"10":{"start":{"line":15,"column":2},"end":{"line":19,"column":93}},"11":{"start":{"line":16,"column":14},"end":{"line":16,"column":83}},"12":{"start":{"line":17,"column":4},"end":{"line":17,"column":67}},"13":{"start":{"line":17,"column":29},"end":{"line":17,"column":67}},"14":{"start":{"line":18,"column":4},"end":{"line":18,"column":13}},"15":{"start":{"line":19,"column":16},"end":{"line":19,"column":91}},"16":{"start":{"line":22,"column":27},"end":{"line":28,"column":1}},"17":{"start":{"line":23,"column":2},"end":{"line":27,"column":102}},"18":{"start":{"line":24,"column":14},"end":{"line":24,"column":84}},"19":{"start":{"line":25,"column":4},"end":{"line":25,"column":68}},"20":{"start":{"line":25,"column":30},"end":{"line":25,"column":68}},"21":{"start":{"line":26,"column":4},"end":{"line":26,"column":13}},"22":{"start":{"line":27,"column":16},"end":{"line":27,"column":100}},"23":{"start":{"line":30,"column":20},"end":{"line":33,"column":1}},"24":{"start":{"line":31,"column":16},"end":{"line":31,"column":37}},"25":{"start":{"line":32,"column":2},"end":{"line":32,"column":66}},"26":{"start":{"line":35,"column":16},"end":{"line":35,"column":51}},"27":{"start":{"line":35,"column":31},"end":{"line":35,"column":51}},"28":{"start":{"line":36,"column":18},"end":{"line":36,"column":64}},"29":{"start":{"line":36,"column":39},"end":{"line":36,"column":64}},"30":{"start":{"line":38,"column":28},"end":{"line":38,"column":85}},"31":{"start":{"line":38,"column":44},"end":{"line":38,"column":85}},"32":{"start":{"line":40,"column":24},"end":{"line":41,"column":63}},"33":{"start":{"line":41,"column":2},"end":{"line":41,"column":63}},"34":{"start":{"line":43,"column":22},"end":{"line":44,"column":111}},"35":{"start":{"line":44,"column":2},"end":{"line":44,"column":111}},"36":{"start":{"line":46,"column":28},"end":{"line":50,"column":1}},"37":{"start":{"line":47,"column":15},"end":{"line":47,"column":57}},"38":{"start":{"line":48,"column":16},"end":{"line":48,"column":75}},"39":{"start":{"line":49,"column":2},"end":{"line":49,"column":51}},"40":{"start":{"line":52,"column":54},"end":{"line":52,"column":79}},"41":{"start":{"line":54,"column":0},"end":{"line":59,"column":2}}},"fnMap":{"0":{"name":"(anonymous_0)","decl":{"start":{"line":8,"column":24},"end":{"line":8,"column":25}},"loc":{"start":{"line":9,"column":2},"end":{"line":9,"column":154}},"line":9},"1":{"name":"(anonymous_1)","decl":{"start":{"line":11,"column":25},"end":{"line":11,"column":26}},"loc":{"start":{"line":12,"column":2},"end":{"line":12,"column":157}},"line":12},"2":{"name":"(anonymous_2)","decl":{"start":{"line":14,"column":26},"end":{"line":14,"column":27}},"loc":{"start":{"line":14,"column":37},"end":{"line":20,"column":1}},"line":14},"3":{"name":"(anonymous_3)","decl":{"start":{"line":22,"column":27},"end":{"line":22,"column":28}},"loc":{"start":{"line":22,"column":38},"end":{"line":28,"column":1}},"line":22},"4":{"name":"(anonymous_4)","decl":{"start":{"line":30,"column":20},"end":{"line":30,"column":21}},"loc":{"start":{"line":30,"column":26},"end":{"line":33,"column":1}},"line":30},"5":{"name":"(anonymous_5)","decl":{"start":{"line":35,"column":16},"end":{"line":35,"column":17}},"loc":{"start":{"line":35,"column":31},"end":{"line":35,"column":51}},"line":35},"6":{"name":"(anonymous_6)","decl":{"start":{"line":36,"column":18},"end":{"line":36,"column":19}},"loc":{"start":{"line":36,"column":39},"end":{"line":36,"column":64}},"line":36},"7":{"name":"(anonymous_7)","decl":{"start":{"line":38,"column":28},"end":{"line":38,"column":29}},"loc":{"start":{"line":38,"column":44},"end":{"line":38,"column":85}},"line":38},"8":{"name":"(anonymous_8)","decl":{"start":{"line":40,"column":24},"end":{"line":40,"column":25}},"loc":{"start":{"line":41,"column":2},"end":{"line":41,"column":63}},"line":41},"9":{"name":"(anonymous_9)","decl":{"start":{"line":43,"column":22},"end":{"line":43,"column":23}},"loc":{"start":{"line":44,"column":2},"end":{"line":44,"column":111}},"line":44},"10":{"name":"(anonymous_10)","decl":{"start":{"line":46,"column":28},"end":{"line":46,"column":29}},"loc":{"start":{"line":46,"column":39},"end":{"line":50,"column":1}},"line":46}},"branchMap":{"0":{"loc":{"start":{"line":17,"column":4},"end":{"line":17,"column":67}},"type":"if","locations":[{"start":{"line":17,"column":4},"end":{"line":17,"column":67}},{"start":{},"end":{}}],"line":17},"1":{"loc":{"start":{"line":25,"column":4},"end":{"line":25,"column":68}},"type":"if","locations":[{"start":{"line":25,"column":4},"end":{"line":25,"column":68}},{"start":{},"end":{}}],"line":25},"2":{"loc":{"start":{"line":38,"column":29},"end":{"line":38,"column":39}},"type":"default-arg","locations":[{"start":{"line":38,"column":37},"end":{"line":38,"column":39}}],"line":38},"3":{"loc":{"start":{"line":40,"column":30},"end":{"line":40,"column":39}},"type":"default-arg","locations":[{"start":{"line":40,"column":37},"end":{"line":40,"column":39}}],"line":40},"4":{"loc":{"start":{"line":40,"column":41},"end":{"line":40,"column":60}},"type":"default-arg","locations":[{"start":{"line":40,"column":51},"end":{"line":40,"column":60}}],"line":40},"5":{"loc":{"start":{"line":40,"column":62},"end":{"line":40,"column":78}},"type":"default-arg","locations":[{"start":{"line":40,"column":75},"end":{"line":40,"column":78}}],"line":40},"6":{"loc":{"start":{"line":43,"column":28},"end":{"line":43,"column":45}},"type":"default-arg","locations":[{"start":{"line":43,"column":38},"end":{"line":43,"column":45}}],"line":43},"7":{"loc":{"start":{"line":43,"column":47},"end":{"line":43,"column":63}},"type":"default-arg","locations":[{"start":{"line":43,"column":60},"end":{"line":43,"column":63}}],"line":43},"8":{"loc":{"start":{"line":43,"column":65},"end":{"line":43,"column":79}},"type":"default-arg","locations":[{"start":{"line":43,"column":72},"end":{"line":43,"column":79}}],"line":43},"9":{"loc":{"start":{"line":43,"column":81},"end":{"line":43,"column":92}},"type":"default-arg","locations":[{"start":{"line":43,"column":90},"end":{"line":43,"column":92}}],"line":43},"10":{"loc":{"start":{"line":44,"column":67},"end":{"line":44,"column":107}},"type":"binary-expr","locations":[{"start":{"line":44,"column":67},"end":{"line":44,"column":93}},{"start":{"line":44,"column":97},"end":{"line":44,"column":107}}],"line":44},"11":{"loc":{"start":{"line":47,"column":27},"end":{"line":47,"column":56}},"type":"binary-expr","locations":[{"start":{"line":47,"column":27},"end":{"line":47,"column":51}},{"start":{"line":47,"column":55},"end":{"line":47,"column":56}}],"line":47},"12":{"loc":{"start":{"line":48,"column":42},"end":{"line":48,"column":73}},"type":"binary-expr","locations":[{"start":{"line":48,"column":42},"end":{"line":48,"column":67}},{"start":{"line":48,"column":71},"end":{"line":48,"column":73}}],"line":48}},"s":{"0":1,"1":1,"2":1,"3":1,"4":1,"5":1,"6":0,"7":1,"8":0,"9":1,"10":0,"11":0,"12":0,"13":0,"14":0,"15":0,"16":1,"17":0,"18":0,"19":0,"20":0,"21":0,"22":0,"23":1,"24":1,"25":1,"26":1,"27":1,"28":1,"29":2,"30":1,"31":0,"32":1,"33":0,"34":1,"35":0,"36":1,"37":0,"38":0,"39":0,"40":1,"41":1},"f":{"0":0,"1":0,"2":0,"3":0,"4":1,"5":1,"6":2,"7":0,"8":0,"9":0,"10":0},"b":{"0":[0,0],"1":[0,0],"2":[0],"3":[0],"4":[0],"5":[0],"6":[0],"7":[0],"8":[0],"9":[0],"10":[0,0],"11":[0,0],"12":[0,0]},"_coverageSchema":"1a1c01bbd47fc00a2c39e90264f33305004495a9","hash":"0c7bae23497d6a16412027e783ed4fc07873fef7"}
,"C:\\projects\\crypto_clone\\backend\\src\\validators\\auth.validator.js": {"path":"C:\\projects\\crypto_clone\\backend\\src\\validators\\auth.validator.js","statementMap":{"0":{"start":{"line":2,"column":12},"end":{"line":2,"column":26}},"1":{"start":{"line":3,"column":28},"end":{"line":3,"column":48}},"2":{"start":{"line":5,"column":19},"end":{"line":5,"column":39}},"3":{"start":{"line":6,"column":22},"end":{"line":6,"column":92}},"4":{"start":{"line":8,"column":17},"end":{"line":17,"column":1}},"5":{"start":{"line":8,"column":29},"end":{"line":17,"column":1}},"6":{"start":{"line":9,"column":27},"end":{"line":9,"column":95}},"7":{"start":{"line":10,"column":2},"end":{"line":14,"column":3}},"8":{"start":{"line":11,"column":19},"end":{"line":11,"column":21}},"9":{"start":{"line":12,"column":4},"end":{"line":12,"column":76}},"10":{"start":{"line":12,"column":35},"end":{"line":12,"column":72}},"11":{"start":{"line":13,"column":4},"end":{"line":13,"column":66}},"12":{"start":{"line":15,"column":2},"end":{"line":15,"column":19}},"13":{"start":{"line":16,"column":2},"end":{"line":16,"column":9}},"14":{"start":{"line":19,"column":23},"end":{"line":33,"column":2}},"15":{"start":{"line":35,"column":20},"end":{"line":38,"column":2}},"16":{"start":{"line":40,"column":18},"end":{"line":46,"column":2}},"17":{"start":{"line":48,"column":25},"end":{"line":50,"column":2}},"18":{"start":{"line":52,"column":0},"end":{"line":57,"column":2}}},"fnMap":{"0":{"name":"(anonymous_0)","decl":{"start":{"line":8,"column":17},"end":{"line":8,"column":18}},"loc":{"start":{"line":8,"column":29},"end":{"line":17,"column":1}},"line":8},"1":{"name":"(anonymous_1)","decl":{"start":{"line":8,"column":29},"end":{"line":8,"column":30}},"loc":{"start":{"line":8,"column":49},"end":{"line":17,"column":1}},"line":8},"2":{"name":"(anonymous_2)","decl":{"start":{"line":12,"column":26},"end":{"line":12,"column":27}},"loc":{"start":{"line":12,"column":33},"end":{"line":12,"column":74}},"line":12}},"branchMap":{"0":{"loc":{"start":{"line":10,"column":2},"end":{"line":14,"column":3}},"type":"if","locations":[{"start":{"line":10,"column":2},"end":{"line":14,"column":3}},{"start":{},"end":{}}],"line":10}},"s":{"0":0,"1":0,"2":0,"3":0,"4":0,"5":0,"6":0,"7":0,"8":0,"9":0,"10":0,"11":0,"12":0,"13":0,"14":0,"15":0,"16":0,"17":0,"18":0},"f":{"0":0,"1":0,"2":0},"b":{"0":[0,0]}}
}
